401932
406181
403231
194806
310755
477125
20394
505221473
800161405
43448
235148466
298253471
17484
556325900
957689789
851655233
629198573
14284
110661671
898373868
65490
345568
60984
679027712
126241
665163955
19778
313732
664959446
313051
18592
27007
16500
270586
5644243
98135
975620941
212742533
16140
11355
143188
4468
345355
49130830
378697029
520620346
22693
339422532
2059
403815569
378628587
13921
123225
2747
8409
29855
80595307
384278552
639758071
12775
575024468
8082
67443
956999204
705927315
146526
161298
953402443
55581
30869
2585
40702
669787243
51214
953596420
634118051
496646895
23078
661869171
868304384
351998
134074
15846
193863
82531
132633684
8593
265560843
23148
541079864
41744
7867
24897
46214
908317
12259
21435
47790
388561259
397457625
152641944
30224
726227012
65571
119313443
569279905
38421638
425352072
10060
462024600
61231
38263
336688486
137763
498176647
453321530
55769
754207445
28357
932840844
361076721
18391
584996120
469575320
920499943
422631014
565069719
148447852
407287916
318625234
341552383
751455785
2486
13454
130612
12988668
105655
503551260
11954
102088889
433614067
416749468
356971238
657097076
9027
737134609
72197
727299959
15705
4965
322720
447957088
974661316
443612748
24719
127522668
627911794
14965
31326
544105593
429572549
648369456
491780164
18592
648471616
17550
715071790
958018889
185611923
15299
397238395
137951931
648290091
89788
2306
142798
6050
790948508
489466913
85644
478640361
46319
20432
445314885
19711
688948133
18711
875512067
947978426
8674
921125100
51743
11316884
102949
32342
69017
22197
740480374
747574869
522849165
243296449
312871607
175447
685459056
30958
14544
13454
115896302
12881
693246043
22692
708343540
373750
28505
837421741
761410096
714317515
160656
125812769
16237
598559
58153
255448635
265568914
31666
36586
13143
218086731
165439911
18789
603337081
695878236
99022
809287350
603256437
19323007
270820597
4788
685484894
195208611
405507542
709211998
12701
851742674
8241
922596554
507
421528478
361
596509356
53249
115172
210184
881896820
902835618
26572383
108292688
221594
33698
282544249
525984119
577233524
134951469
160485
977341587
54826779
17740
7867
61201
124968
357287778
27564
818652158
83595
917440864
3279
8938
2184
196044839
898820497
52088069
124389
807833968
18890
29799
25905413
97197
6050
65581262
86699
41825856
114049301
49263555
606885562
840180127
194561898
413886444
851588400
24495
5475
343
31725
702322921
175626
865468351
928156973
173820
980989733
433607015
20316
289737340
424113105
385633851
226970736
57404
989836770
20569
251899455
952669140
552829296
970096722
898634729
720588378
304583128
88909754
38648
38284
378285
23369
502900349
491778638
19711
27715
32624
115575
556425312
22417
13647
13268
123788408
243052426
25366
429741972
566491147
333129899
22782
62428297
954661819
785685905
65083
476597762
141861825
1116
883200593
699223960
58212
154362818
702774045
454702049
746205997
185044047
538937629
432684857
840224303
763090248
490768239
235567945
697179759
54815348
39764
100244
746193724
173545564
25894
568604029
224747
245448494
793303598
512349200
973399280
126124704
7831
62643
573729359
3040
471929662
10378
25264
16575
261997696
242197714
287656100
20235
7080
420807517
85890
589824380
922430956
703461091
490781795
38378
36247
24690
338671579
478803489
982335105
5053
39286
94040541
10983
156245
68521961
9916
11542
198254875
27402
979403844
530026536
823474933
27420
31123
631186752
64204
451716934
524802066
78643502
766820138
203383
286271596
30085
25272
984206342
32914
889589971
434937632
8742278
407943
14894
752098781
308360319
221350624
746444879
669840842
10922
496846055
867090284
531931358
49715291
683870374
164655
70609057
18823
688471579
287358618
152814
48995630
4591
30271
445896141
976895215
873746470
5239
13800
22067
133756
129229
548577
22265
165684835
499408501
431686
798743616
880220524
57413
17961
671337505
253
23780
493086393
550703954
16848
606535204
22206
21960
598473739
85459
549684430
849611526
655674060
29622
79530
6845
58818
120370307
516029519
957638895
16929837
111864
309420768
12795
515664464
223471242
26963
318134
24385
838311353
996392163
381344135
409500808
9054
25860032
408894473
958872369
377188800
720025835
84676
505638260
634975641
589273379
302641
30907
975451840
44636
200281469
39049
820773946
45149
18299
934098041
559412812
11278
30661
18053
210765
125077
136801843
43957560
232283
19347
663956053
939179087
21225
2981
200960
51445
881527947
736946309
1123
55176
18558
18026
266368469
77638
994926891
179138860
920970069
104010
664126879
334189310
63136
6126
56041
28387
9626
915164994
42912315
588487942
222644286
253259294
137793219
36131
437677245
112660963
38736
434832047
461918986
531089012
615615702
487237920
737725242
413461670
591345715
974546860
15782186
67610
459787651
173742696
703838499
101083906
176718575
62186306
12348977
943387877
779532770
56760
34
139222884
76554
67140
61812
178287089
221025206
904795717
2289
636287267
62832513
224829
18856
548678199
847791431
223911937
24705
99058946
940153121
11304
639738317
27842
172397458
853977801
656913769
418075427
249454888
318698788
28781
637548172
736408872
30333
133434407
1954275
14081
886675477
519780805
170574049
8937814
351674398
259094656
17219
60323
576171979
924408842
803917778
333021243
343822696
50100
18122
71326
64141
27420
126565619
689676748
174976028
19468
13558
37053760
522118386
173195215
743898007
34524
27475
745104398
965663010
332431
31902
96470
31176
391620052
918544985
82296
656962722
620623180
84144343
37923
164844208
628813016
681178511
919764276
17360
906062493
20958
539200124
28492
337128204
658816906
856355625
7402
30900
818093958
50310
403662
913632388
54514913
99345220
370673824
569254156
15750
4807641
28781
24171
18573
662306110
193344690
824382786
791208560
112009589
482384000
226502811
947186570
253349875
434439145
35421
8363114
815422842
158682281
939232599
25722603
778923112
762944886
889120002
236388897
1071
436929001
15601
28884123
674550169
839516818
290100
587146530
681427850
395760160
110132
661369814
731692165
32092
8634636
6700
364381
349569245
2561482
551418493
73513
563266383
249870946
15238
99744565
361
695756623
831755521
742846450
27612
431934186
232027989
41918
103551968
308825776
303946121
254521458
182573460
25517
10899
26809
673667959
608505100
521513643
766375495
408640999
861409383
857622157
327193703
25887
890497099
14894
153715914
359945281
658947116
60984
523112623
683901988
169012894
25016
55030437
55838
358940018
404363297
85625900
495063932
960028005
740658109
455232324
498529036
747552816
63507
382686547
361480999
757210010
24869
29524597
624439321
622509153
86865
64497
22060
842433429
13531
229312861
65390
587720776
537991171
866111906
238411975
854377628
701550395
429576601
860593280
399560072
238207847
930127996
308662451
399751997
667862497
650496327
62082412
67197515
894609168
244555004
836220144
866193973
541957526
13296
936346396
545377744
241571311
582015616
928986464
50195653
49906
20476
79791844
869076949
465645565
36582008
20900676
315834270
778575456
728802473
906629884
586507458
591066970
729699807
507981390
665851409
78358
721791725
7436287
159093580
767746619
875875626
12198478
432908736
568589595
525673573
770586118
858750904
28363
178138130
377864842
200060252
189453994
28775
703452656
651674110
45949
97197
990264150
772977962
681701504
191306183
603565606
425849123
478233538
55812
594069181
5576
721791725
45125
62387839
65698
892132641
620693520
76434245
26107762
757044848
161967048
40635232
10114
333166064
876111040
666857264
478222096
719538817
724719356
329091998
371456756
653885392
883719808
588190848
545377744
638406886
957447473
4751
589560104
463181415
795769192
406335418
848391139
447884951
74614436
652115992
503389166
895120129
116336960
815213328
135524288
246130567
419171591
462787022
966680316
250812857
190115232
584269119
647801815
600486231
51910638
356178560
157930507
520897360
411920633
246832758
796819206
122213907
749647377
454596320
689850509
803723193
209142886
512437943
892149317
41162
799900762
135272366
755198263
19076176
605485304
370773434
93138
252540664
808723721
32522
964438500
163994370
215856716
851931349
874946111
703142335
893221421
890225856
721758900
712619336
625991890
236732523
159214353
633827792
345574365
260574583
687547899
381037823
485240604
888080827
324988901
855281695
947461455
485582752
881251170
463523387
182564210
65698
611224436
40292723
17147962
105309418
854581438
157742102
767397051
301426226
636160317
185142984
475700
37775
501788182
115427013
737000582
24164
920846831
86040
178880960
431893891
737581840
423363169
69232750
128384176
522659723
373796340
904202832
554383803
635249424
988462306
9426
193833803
723333405
268898403
152298850
974079047
285917648
782900244
194271199
29499551
850829873
486301980
23117
688777395
338606687
921599498
224304016
28912
657114656
441584224
54609176
972599040
791111823
802136918
346178457
639578717
269287690
663659830
465811375
584269119
5943276
476628571
260121681
635184534
935033032
50674953
734063749
61600334
99300
864571052
856385835
797956444
655431196
159646288
465755778
745846142
191180651
29004
147961715
510012163
962284523
495792578
218777079
214525593
394387808
261287777
332856032
128061869
547043593
20922855
339738172
127116048
567156464
652557188
9803042
82099
465811375
197199427
452804400
152519904
493081248
891604256
352580598
414519968
442749624
38203
1958558
730000640
461642334
494377286
9532
243361257
394953860
451770972
19409124
691169784
601261063
328869639
619913825
301675049
214960950
854106464
283806301
64629
55983
238292836
77216037
97169
61330322
30962
995886927
52520
48825
295554717
92199410
502834717
434653714
745573951
804978342
177448143
692936341
29004
713515836
870668171
35011321
119989298
179020646
221939462
573139564
934818174
896289187
564299
337254902
970698730
205378419
416040580
30077470
340766720
996945032
498522423
950047051
210536146
8100758
186966176
459269024
102327076
272959825
238187520
400631598
941834731
698177538
153884576
735286429
244671085
136819984
208744896
1969477
657049067
51465858
336743712
276867422
396427840
88925828
2992742
975839208
481128899
181373
487259583
391519848
491867138
27786172
499988970
356226626
131361520
583961583
994235301
15321
703998098
281197754
646765775
793700468
769140793
862603764
393587427
959048874
254031554
358863737
132646
775863664
717059372
671889449
447345936
793275331
41167
340304474
205300310
526922739
967237778
60752799
785643829
684516221
144068317
35011321
32182656
429926835
792324815
295053
864208018
43020
493053331
588854484
816508065
582677248
47374
425262527
415637086
6449206
58008
455202816
123729026
222710361
854364613
654216208
453649184
517294993
300896923
914755854
967787664
188053429
720685273
490784104
403710179
509600729
657703923
80844558
808378613
260281410
920806992
1658031
517991455
22826
331312224
492772558
118998
256769071
464382960
573430285
97910484
373359951
658098690
81122117
78139570
574234885
768037996
413209195
180608493
200138187
207683313
469345200
74678
433537468
955508037
287630366
478576276
402443432
14032
855807667
167172352
41009
657567746
652214700
635883488
463419291
828708211
698333600
93968266
833277420
358750478
971748822
251495791
749987188
586820945
757595848
26509
923527437
838894240
28140467
435994504
104942724
634956275
177593796
971209467
170545442
700941070
92083
9001876
9202837
32938
509752015
677070161
169575759
364318287
308024061
327345555
441584224
661309811
655085734
874019380
180756484
166895
82141386
512544256
74233551
272766251
553090289
870197984
456088710
324837084
135237718
772105209
577604736
831189870
149966939
864493731
638630882
96983320
680713807
270400140
660861327
240691058
136819984
73029349
922721031
120820919
32007
202216593
90092224
76179
722562845
331875488
580894277
993155440
664879174
200744882
855619884
851860957
81650070
542278724
452804400
568078846
75487
48510
874894586
680748776
984434739
389197951
292067082
435709444
185222319
976711814
25095125
742480555
397659833
120107163
104942724
643058521
9893
52839
25607
659749356
231668368
22058610
449260826
572558007
841997823
474746385
911119990
740988582
239046556
708414896
388868758
573227413
55767778
46462
109901540
648341160
332965361
779351472
938767000
605404618
478481587
692878212
856496189
896733908
846840483
553482975
772161947
550571258
56667
236114535
64962
361859184
209461664
22797576
503792926
785632864
39221
524281151
4072262
26996
815153438
700006656
723124999
948773949
27965545
336142380
100911537
438998721
860621946
306700513
728048898
593682251
36121812
180094671
266472288
487082963
517548025
210385459
32211820
143363403
806627717
321885824
539620000
178678605
195007611
52658066
20481336
198398506
32938
794270405
130935210
771731519
621153243
684661424
126965
120214117
382663511
656246960
519607760
315776832
39962
234651743
818186794
791057458
103346999
979034027
31672923
829561292
204386984
230599209
76238522
791732185
715519552
798557262
23688
568347799
399104937
662155792
75328534
678765200
478932120
371420336
925829216
287598222
25393
586953682
406999949
63477
81704
995793268
440157548
34186842
419701150
775625680
851723214
787045256
942263340
277722122
920696971
164888444
228939782
458666217
199670898
155782
710335875
177789223
314380245
60045834
372446064
497355820
814698924
485818032
341572461
787628682
344245371
845510560
21381673
873313719
196384205
66466448
570245057
561115335
869311999
768476818
195994334
48156327
185787
405038784
90210
757951144
12143
736654534
781540631
770100459
262795668
326569309
510243026
488673243
102257014
127309024
526325134
653629968
485943178
1729
480766965
113757149
451091012
234422731
580562304
662302817
594924453
38069
932385848
513475811
326303077
438903055
680351043
371134370
129911322
320010400
725370616
565551241
625371019
37348228
848165935
614502103
475596938
29377286
4648
432988850
942010176
60011
10744
99900317
438633889
272452429
584294457
366557502
465995066
488739483
715063006
923505372
359972505
8911
186282130
270754410
460252288
12124407
57001499
123729026
651408091
589540524
782166595
473370844
921350128
81869706
248260680
486259252
103261
10744633
102919704
833901451
244013
692515987
420012323
291031193
395517673
240058015
387672227
538127360
337955783
365572965
28847
416121135
465249811
25487
63802
625544669
664002848
444004869
699886190
364940194
743260510
26465651
776953443
410689364
685395616
519320601
889092200
798517267
33181
137823773
183540523
946112086
93513864
206552332
73048188
470420352
146788
135231165
14975
41495
132932976
805501517
438429416
8787582
222804576
38127
68357421
229534
961422944
685437089
489570852
291418523
805062200
777922580
535323548
808376464
20152559
182760541
477059155
324090535
465742699
629390153
738294291
34251
31845654
377125658
893740062
651022049
767498465
641910496
438421951
589253369
359346002
989164207
531685560
580688734
84613842
70546512
105978635
412936914
49371169
627528060
516045392
254039615
204386984
984159226
722608913
593797927
202595142
366919348
635070280
391567748
793894642
464149903
378666975
702764221
785643829
695809099
647478682
657985335
315076259
438969560
152888739
232042264
86569303
327472
129340710
806474272
496848503
535082344
432531356
267780836
893285904
559547696
45203316
282136
291285783
194118
694626377
150437741
862029820
160387
385955995
136827255
661676060
817900778
51398
390898342
3336180
585195393
436591773
87787851
733415654
494386957
590932720
995164262
291440102
355541825
97611215
980364178
253333830
528317393
80638
173631298
24611
274950053
277196890
547831325
673155424
377416353
334161914
405990195
889324607
468747846
810416496
104050295
265934041
2080
606544063
561601055
423583640
477059155
66733705
431755870
48386428
776867744
764049513
996186777
49694
517175412
940524771
115069848
50141
10092843
729295425
511120912
722562845
712559326
373785167
662675917
576121466
951393367
26703131
65596210
502508099
167365229
848664091
551304640
24450
262250850
809416975
655174015
183929651
386928
17484654
442549104
371750386
497515011
85722842
889982795
44894593
771841375
732975362
616607053
619887380
778866690
814473655
32559
528547481
684719948
530789474
310388861
560849680
26784
90464796
260084870
844497481
861346190
52653995
92512
121191538
55880702
729239036
833427965
556627912
157125359
527819145
902635159
278354650
502454368
22320402
326925631
307157866
335104972
573630923
141163220
865355400
945915305
613801211
107372121
263
488785115
240696178
657327687
576251419
30818998
160016
220273612
55983
32381
896111513
476163965
35273
18315
23998
780526530
90395887
146788
59884932
675724633
409799138
17152
355529075
128099
33823472
237785
192522
33070610
455659254
649465349
312401720
273464838
902635159
92512
160752646
557590368
13638301
144890335
224767985
574310311
570320077
580361536
8787582
148118962
984885540
474123790
748710396
926510853
22706
270384604
25842
432
683684652
271450099
120683294
694334047
170269796
991556563
533236711
84589529
943266688
449137223
687728419
690558893
495875063
649645027
586329646
880128895
220770482
205095464
782486204
484083941
450476939
438297215
170308630
558432308
754298762
800422752
618772614
183938620
593986699
203479408
451338426
409800983
960314856
135579424
65003925
329739638
492920711
514094396
22826
418547777
8641
46023836
150503912
387402759
544631712
12303
4457
918394256
976715696
52520
455170015
864588369
686457262
329459283
955181930
396248286
292298795
64357899
935666277
616320343
502454368
892509195
904039650
363913393
448922934
350923587
984387019
336027223
505954861
245742644
57031761
144912449
841332969
302483984
779271206
609622722
92108893
870735676
804553293
578153540
488332995
841099579
188778272
114993766
526847208
97896
290231178
101335771
16094
543955519
34470
428631440
386356404
277257065
26051
969162410
805408522
582947373
274641937
4290616
927382908
997762682
8287712
171644008
