267363
130931
4618
4618
3245
4271
52721
217909
4618
211234
4404
4012
14705
1915
3892
184855128
53756
4618
336631
337576
21081
35222
7164
4404
778719709
63758
4618
250494495
134794
112188482
239674
1302
14062
3892
589368787
430798585
3245
859165765
618890689
4618
347967058
4451
3245
296001650
3245
20546
20608
30634
888055838
703184973
3245
14060
107363767
249676292
612551157
693464
857466240
3892
18708
2564
8931
31390
4012
25000
3245
75138372
23434
3539
67955
4618
213265896
261235
3539
2615
472169
254855
3245
389876724
31660
2065
260685169
4404
396866873
165506
89928
30605
855990340
63
3753
87280878
59830628
4012
504696278
671051505
26588
3245
55792
29362
53269071
201108321
3539
55817772
28572
4012
3245
4618
739178768
63914
26403
54415371
3245
1088
2040
88716
815672163
4404
10055
149583
997322980
1302
821247849
13296
177087874
36876
649833116
8
167309
56644889
72428085
218867722
750633010
204657
3892
743866067
811326953
4012
77156
4404
3539
629273793
949008704
123064
732
75604308
797255697
36745
3245
111028254
4618
11049016
234221779
4404
608308430
293
228653050
26803
13472
702112441
4618
289587381
525911
71445
3245
266164
4618
457021056
22776
882662494
11761
920853866
21408
322662
63
3820
4618
41073624
4618
32612464
3245
3245
12729
974403697
936782166
990936224
598078846
96926728
16953
324539875
22429
3245
192991
55917743
455439351
4618
4618
3245
471719726
1604
13807388
391505535
26614
23426
599000993
3245
4618
445038
4618
4618
14059
48578
1302
365765587
71661
44318
4618
3245
79312
20101
4618
659769575
3237
192422
4404
380457427
4618
11112
162760
3539
4696
560903499
26852
8963
863639289
3245
1604
64540944
116265073
19099
30521
600222961
29243
25458
4618
870223879
4618
1222
3892
165810
27091
21531
19143
3245
269657384
113819339
1604
599907127
4618
4012
803892737
523711917
851342590
4012
198444659
128212365
2049
85479
30301
22525
4012
32861
4012
28786
31270
135030886
704340477
15294
733385238
30556
10103
780643564
806519452
3245
1604
1604
58789
274341338
71843
85672
4404
857486009
1302
19887
14873
4753
762320996
33877
143520861
4618
541871691
58871
16640
14195
37050
622014507
3130
4618
3556
6666
1302
54710
4618
17006
3556
33180
441479161
93003
644826379
3556
368
2205
744863538
732131704
68147
268684261
4486
22375
636484102
4404
509335
891883348
691769
23189
37935912
3892
14470
23861
336034573
134740798
38363
596858670
3539
765153939
650777835
255134847
667958446
300604554
278737188
4618
3245
3245
4618
396882800
742469686
30504
26470
41238612
732533406
187436
30539733
23321
3837
4618
50527
28648
99415
82402976
9970
20223
393172227
4404
3892
89750955
3245
13257
445161126
19205
42440
1152
4618
437996018
3137
581870004
35121707
20988
381705709
14655
4618
650705382
3245
4618
396349746
95157442
3130
471539837
1302
1302
1259
4802
4618
4618
4618
400985987
38302
4618
5516
438641838
63
3245
4618
3245
534756273
23189
3245
629431114
843280983
25740
1302
177470
651489202
684218008
82269
3245
822822068
135448679
1189
3245
19328
4618
4618
477766594
22182
4618
182893420
835
4404
13427
672200802
4618
3245
242812
3237
142908
709396143
755575562
19129
1443
439464348
3539
11846
4618
36698955
12296
672339287
4618
4618
7647
3245
505743340
4618
4618
440978595
2811
476
50472144
610160220
1302
191851988
4618
98345238
3245
54165
568965945
14117
3130
25028
3130
4618
52838
6008
3892
293
108963212
73892
3892
4618
310292
4618
244285
184858
4618
12863
787223523
71405567
409135566
4012
162787
4404
350072643
385461998
387626722
634719819
630516729
4618
45494
606886372
4618
4404
4404
4618
784508511
136520658
52574
20287
36799
14567
50223960
83805
708559777
33203
11460
20426
200578074
38363
131667768
234409
3892
6063
31684
64595
4618
30411
651586
59192174
50860
26691
35880653
2615
37418
4618
485159046
273896260
485239849
4618
194347904
26288
21262
408871240
572523902
650769262
3245
725942989
99
17397868
551952212
28500
76396
957247973
26323
609029787
3245
4404
273760461
3245
100440447
221440820
58364
244052436
3130
651645503
21076
1075
84645629
547116638
6599554
4618
4012
95172
629938541
100606
24782
150563657
281053418
25083
14925
22434
469818953
4618
691585448
4012
26601
472169
4404
826809676
3245
9084
20285
3245
650937145
3245
394217445
323685268
3245
3245
3556
196
55956
2615
237930
4618
31713
276821857
540405558
4618
3556
57524
1129
64018617
18175
572985754
899922182
927852811
551778214
895031813
787809815
14336
179462761
305069123
32065
423142753
428347636
8011
54632124
477643127
4618
758128133
1088
4012
4618
4618
4618
88582700
244285
3892
16813
428939893
539158624
4404
271873
4404
4404
628962750
4618
63095
3245
640243483
722288584
23088
221054922
15536
538400748
243536224
593262370
4618
627
4618
664195100
204889563
867808827
4618
4618
2049
31250
27197392
63
22182
410797924
3245
717219241
60171122
4404
248624319
607506635
607345534
823238603
3245
3245
471340887
235253952
1088
231374
19870
8071
27258
960269887
33360
980210738
674353624
492137964
27579
624927966
3245
172214
589221
1225
3436
4618
355984331
2946
289300320
11101
3514
560036441
933196819
53042
4618
286685457
3245
463286330
760251173
46090
4618
547948989
42992
110771615
141623117
4404
4618
913618213
89172
93394967
12132
795847692
24539
869909516
16757
23063
760703220
325259876
628954316
86334
3245
279164819
30342
3245
992650605
3245
3539
3245
588292096
30825
27871
1288
1604
227954980
3245
12477124
3245
3245
353031550
4618
1088
426771747
18245310
110330
1075
424461326
145208
26503
624699840
3245
4012
4404
610159270
353156880
4618
606862754
166968264
45705
3245
4030074
4618
854040115
47655
964484324
752139130
17255
3556
539720273
590155733
657050718
63
56802
668239857
4618
590744105
4618
18888
95172
1302
3245
84561
823504094
57
3245
3892
704295298
923291717
291227432
45663
3892
2145
119528
888946810
3245
52871
4618
4404
18836
25849
4618
38947
77319
238744831
3539
555288136
2504
39368
27848
4618
620328479
3245
3245
64136
33903
109162789
363215
748739890
4618
118059
3753
4618
15586
63
53198957
147440
4618
3245
4618
48060103
3245
3245
3245
3245
451405803
4618
94325
29365
6133
3245
3116
772252755
55375
80318
4618
4618
4618
4618
586454114
4618
4012
3245
576827470
190976
759257322
19684
1302
42831
4618
3245
160829100
354847637
8804
2049
4618
994171677
69689243
34698
4404
227954980
89949
72133656
504439295
49155
783469452
987710866
361738265
494985375
1604
3245
4618
253718605
694848195
4618
611238708
4618
467114319
8223
3892
3245
547368
2741
25932
3245
129256
1302
3892
26642
326358
4618
31727
3245
1075
587048957
23848
4589
541018624
3245
4404
310810
282918
4618
248074
4618
1259
326889534
31873
4618
4618
4404
4618
292544945
4618
1302
4618
1088
14195
353402791
4012
433273935
50623163
511649873
872895348
2698
399341135
602729785
3245
997882399
516355988
72108
2049
4618
12483
473559960
63484010
34095
83308974
59966
4012
1302
3245
387218105
851783731
16544
249400474
617815290
839420742
422438710
317897712
167230
53569504
55290
2049
3892
43226644
25646
851659325
908986426
170157930
140718483
261029996
4618
27732
641719400
30610
646836699
781762536
3245
3245
1915
17016
3245
4012
4618
3245
3245
559310539
4618
273540
4618
4404
808595789
499736090
29862
855116334
4618
23366
1088
869376032
404860816
4618
181978
781394493
204410871
4618
133962145
3245
4618
394535439
183938636
3245
460325529
3245
3245
108055
168486147
4404
811494190
25562
3892
767383595
902898189
29196
864575877
3245
4618
4618
238674417
922337440
317669082
20582
3245
934083969
620172571
354616231
610872897
4618
969225447
4618
4404
795302793
194522445
353402791
8804
3245
376883642
30522
439249344
26361
139780979
170097392
3245
904753418
349127151
4451
336927755
97055440
545042548
397678763
200914339
391583359
582793180
293
31420
111971
4618
83751025
260871849
13839567
51455
200611
22833
28360
3245
588451588
411311457
33137
22155
4618
849170587
3245
144074
54165
3245
4404
103154201
4618
18201
611482219
4404
102603951
4618
510906021
703728225
4404
853093944
200189168
500514907
942179115
5843
4618
26579
4618
622512000
227034477
407538385
3245
3556
3245
663344700
3539
652482332
3539
712158761
4618
940092558
4404
106310194
390301400
846777634
50274386
4618
868399646
494164243
5953789
655249869
790518916
726788127
254302644
229009397
4618
520430250
1302
920037148
2746
4404
4618
3245
923135657
559918121
427282700
202033644
77709200
882839417
3892
415886663
4624
146846974
861401128
72783600
122633990
772751511
2579
4618
99
83395358
4618
117834500
605141400
63652900
47422000
528506400
181739984
295627700
603382962
3892
3245
134812100
99291727
826622864
598321256
760071322
4618
3539
433577848
207779100
892174046
390479983
3245
743945218
163843547
475362730
4618
10728900
4012
564567617
552924800
4404
822584032
953180588
325639800
93389900
3892
295077500
592868273
4618
847518969
364656982
293
745426052
807865743
952105927
4404
3245
3245
410398647
646333292
479105981
971892428
177806300
49139580
801562800
4688
774826397
132179197
3539
479105981
287296100
632809764
4012
604252692
274695224
737633884
344267598
3245
865265696
11501980
629255943
2946
446749300
232244733
1460
553156499
906528119
3245
392671085
123178080
344074187
709665522
443343300
561312044
288645400
270803200
899851028
124547813
6507
2615
434849456
6507
6507
4673
3245
26028
873045628
796676812
227350
19521
4618
4618
6507
4618
161151
4618
6507
106902
310445542
13014
121509
4451
136172255
3245
2482
732
246540715
71677305
6507
3245
6507
6507
39042
4618
4618
510655708
4618
861902410
575474419
4404
235942
6507
214978
3245
78084
45549
759803397
85440
3245
6507
92126367
122466566
4404
636398336
334497126
4618
2205
4618
4618
704123991
4618
4618
395726166
792542396
3245
331960913
4618
6507
366954650
3245
13014
889304548
2049
19521
845635717
13014
4618
4618
4404
468993364
6507
982513001
26028
58563
30228998
4404
19521
3245
19521
30726
253773
200061918
6507
512119089
63
39042
438805009
4486
943449277
164020751
4404
4404
4404
3245
13014
771776426
1302
4012
405036019
6507
85826664
138041032
4618
3160
111742604
13014
12804
13014
6507
857309232
950619548
13014
6507
4673
150557403
6507
4618
574433335
3245
277224108
1302
1302
405474364
3539
74382715
18147
3245
4404
6507
864710963
135262
4618
864931018
36310843
4618
176001485
864808558
26028
13014
63
4404
161138898
4404
3245
6507
373350000
868022334
6507
3556
3245
13014
6507
6507
174733886
3245
446749300
840141682
123633
206984184
1302
6507
26028
957206582
1302
144396
4404
970469362
6507
6507
57007827
26028
6507
58563
158523
4618
6507
17364263
3539
6507
2049
360956337
4618
722889366
936
770786094
6346
4618
129086
32535
302462176
787406387
19521
6507
610753091
578065665
62209761
471867056
4618
4618
3892
4618
19521
601696100
155924130
56312026
6507
702367306
74816597
3245
345646243
3245
3539
6507
12804
219927145
3892
875194637
840969507
13014
377516006
4618
807363658
3245
668893288
12804
5376671
3605755
6507
3245
19156
867140304
39042
3539
3245
687098437
442853343
6507
1302
112301103
26028
6507
859372692
19521
1302
1743
12324
6507
4618
83241
26028
26028
838527640
3245
38101
4404
110608523
275031581
6507
6507
13014
13014
3245
6507
4618
207612342
6507
98211177
181183575
2615
4618
58540229
4618
4404
6507
3237
3892
6507
6507
4618
4618
4719
905486076
3245
4618
33257110
912299392
4618
4012
310231507
736728411
4012
487587747
55595
4618
4404
19521
13014
650775442
6507
294817215
303855863
6507
4618
544638845
297768835
3818
717551552
636861112
6346
779364555
290575468
4618
39042
6507
304066381
6507
3245
169213214
19521
6507
6507
19521
739976214
78575532
227644996
89628
6507
6507
578148968
13014
934405998
648107442
3245
6507
502841439
4012
13014
3245
4012
3245
163816252
3245
3245
480271459
152582
746791700
1302
278876232
303325306
27201
2482
3788
6507
849235440
505789431
39042
1075
591277043
1302
885863513
506495172
4012
685033772
3245
3892
4486
4404
627992904
4404
3245
3245
190019783
3245
3245
3245
3245
393247
54529877
7982
3245
1075
6507
385908968
6507
765764060
6507
32535
355435689
4618
3245
4012
3245
4404
6507
4012
3892
434228985
4404
823440672
470498920
259756094
437775451
1088
173041187
3245
13014
3245
216516945
6507
4404
4012
3245
1088
3245
3892
4618
6507
2615
6507
3245
70063488
51244
880702929
339968381
733296954
6507
4404
4012
526964828
26028
58563
3245
796904731
340153082
4618
19521
156836
19521
117789714
443185770
94037186
4404
4618
558795166
6507
19521
3245
6507
13014
900163936
4404
575259438
4618
3245
356204970
3245
19521
263141708
732
26028
542642744
811352935
4618
6507
270241577
3514
3892
26028
666294012
4618
3245
19521
6507
56362
372517333
1302
4012
3245
532363812
26028
4404
349941283
4618
305818070
766749286
4012
6507
420095405
606382191
816880166
71577
72850
62652
4404
3245
347520610
3245
181895958
3245
3245
234408234
4404
942522806
6507
968213881
26028
506539944
195690
4404
6507
4618
4618
212016178
168964772
367397923
4618
611704244
55794
782024303
63
4404
601852897
233962
13014
224147263
3245
680192006
926020462
12804
658568751
4404
70430433
6507
3245
4618
235706326
4618
3556
221111332
108839223
215375456
6507
257808097
2946
810074940
3892
26028
543027798
579266968
6507
68332160
58641084
6507
511764618
13014
630605118
2739
963239463
481197062
4646
30173583
88530119
113790861
1302
6507
351695035
4618
6346
142200
896553844
212339
767047029
718346815
4618
6507
4404
57045495
3245
308250467
235236
32535
19521
390129808
13014
3130
3245
69092599
6507
4618
6507
6507
6507
6507
6507
3245
3245
216621521
1302
3245
989698977
74671031
1604
517373815
504789589
4618
240159769
39042
178092038
271557679
91696326
881065645
33771
13014
89197
3539
819981785
814366574
71048789
3245
7698931
4618
6507
3892
4624
19521
3892
62384
4404
1302
784000009
30595
13014
404249020
596855634
4688
893024922
4404
3245
4404
232366304
10963
3245
4618
754948466
4618
4486
3892
4404
1302
49212318
27207
6507
575325960
20825613
723659891
443644185
62057
389824046
3610
3245
575469299
121453445
746918758
3245
181957
711272770
3245
3245
295141853
6507
395117543
419922448
6507
3892
4618
467613819
561103107
3245
222485576
12793859
388682854
64439538
26028
1604
235111586
750945290
3892
3116
16163
3245
3245
231986328
503143284
26028
13014
6346
13014
664574055
4618
422243491
322935667
75783
223030361
21455318
56312026
6507
864341014
276606568
226453665
558326162
316882800
53019983
381948849
6507
600861294
22637853
400855508
28441877
255487098
974069235
1269
13014
898010205
13014
3245
26028
5706639
661755342
3245
4618
39042
806355034
3245
4618
3245
6507
546469534
44276
4012
4404
19521
6507
921333869
4404
282940010
223144055
3245
8150
3892
19521
536268121
3245
3245
4618
19521
3245
3245
3245
301837085
732
134497105
6507
26028
4618
100864171
38412
421453912
6507
6507
44156961
21182700
3245
177900
17790
17790
177900
2205
43180671
88950
53370
53370
35580
43125519
17790
1302
4404
1302
370123509
17790
4618
120
233447395
785964911
389965758
389979090
748163563
106740
71160
17790
4618
17790
973850991
3539
968695036
17790
27889571
298915416
4012
1302
729746417
524053366
71160
588434892
17790
732
4618
124530
887800653
35580
88950
51445003
924463392
4404
4012
4404
17790
38605359
673441894
35580
35580
955124598
53370
17790
318538302
1302
3245
17790
269052
17790
63
3245
470942
637045958
17790
17790
63
168816353
698076197
469311735
469556406
168809533
4618
17790
124083597
17790
507556757
673564687
4404
136278291
17790
3245
1225
11358
4404
4404
17790
4618
3245
4618
17790
4618
2615
35580
4618
35580
378081156
51234
2348
3245
17790
474053254
233953529
4618
209004673
921963742
3892
17790
4404
418852651
64973191
17790
43295343
352380532
160110
3245
816357527
684165666
17790
17790
71160
639914093
46807184
35580
1225
723601969
4618
4451
552926466
106740
711160590
17790
465901599
214102633
4618
4404
305330
81345
312958
471833240
409994
17790
35580
35580
17790
101946
71903810
76657
17790
3245
4618
3245
4618
679837919
1604
864171108
17790
35580
3245
242894895
3245
17790
127669195
194237
4618
980369413
200465819
17790
4618
4618
35580
17790
2851
17790
35580
4618
257582381
4618
17790
3245
17790
35580
37874
246905171
2049
4618
432100452
223015440
4012
938123819
1604
3245
3245
17790
4949
399151329
17790
4618
35580
686769052
3245
612825549
567044278
140290241
383395302
18017
195690
35580
340407006
1770
234244602
38613
3245
621913776
2396
35580
974689898
1302
2049
946186996
936
35580
962292637
17790
35580
17790
406846
4618
3892
3245
493497981
728551793
474754426
542029274
4618
724110878
261149873
4618
3245
17790
17790
858546984
105290
474070083
35580
285320141
63
17790
318321409
3245
17790
417519106
4404
440068895
460144121
170066323
761457292
900467575
17790
17790
4618
547088765
4618
17790
17790
17790
71160
17790
2946
4618
162494
995504623
17790
4618
175706751
4618
17790
17790
35580
35580
53370
17790
195690
633410442
17790
157164682
315116550
4012
646184669
266328
836188722
17790
609159597
4618
17790
989456
17790
463287304
17790
237965024
4618
3245
182075
2946
88950
309086881
781886289
4404
71751
246022
17790
17790
4404
162786
4404
3245
38525186
3556
17790
951077972
4618
935461685
53370
327937323
4618
202842
4404
2615
4404
17790
3556
88950
931886269
4618
17790
88950
3245
3892
419034337
3556
592881521
17790
4404
106740
3245
2049
719186149
15909
2049
3245
763303334
17790
4618
53370
702227140
17790
71160
17790
502755926
296943864
3245
35580
63
35580
4618
3892
3245
144977158
88950
4618
483371817
772624280
495287675
4404
738289556
35580
343847807
4618
3245
416479524
17790
26854
3245
797432031
3245
115839
320856103
990167397
17790
1302
635833775
17790
408931118
581174145
17790
607634115
3245
17790
408817487
688483656
17790
372825030
4618
17790
746367172
571091108
4404
239097600
4404
269998830
485429944
124630
1088
157124559
3245
17790
129078161
3245
17790
3245
17790
4618
93927702
24
771317208
6333
3245
884891577
4012
932395489
267007302
121832362
622653589
4404
392460221
154614171
941491188
3245
54889
