193271
86804
179911114
14819
179943634
2260
572
30471
17515
13694
3994
258675
13198
235469
2260
4482
1164
23062
1155
416251607
3429
11571
92290735
94937
2260
153795
207997378
4115950
476466660
52279
301162950
34060
1083
27585
28331
220019
49808
53750
3429
3429
3429
19270
3429
164548
32098
3429
3429
30526
382292213
24506
1083
1083
48286425
49337
8457
19439155
29984
2260
24668
48244539
3994
665397845
139894405
48337124
431057
3429
521926229
3429
182060
19425
481083394
20029
2260
4823
22336
4255
2260
20352
299442
28295
601276698
32255
3950
14174172
233780
5402
2260
2260
89705623
281665
292277
6206
63533
127533
1689
17245
566948042
23279
16284
922
696015830
18613
521485711
1155
1083
31303
2260
757044476
62527
113643296
354468
67116
569025990
230672992
3994
2260
3994
76807
3429
3994
1083
14292
2260
32465
131082854
2316
432210197
795335991
93182
2260
922
2260
975027008
45047
743311506
255779
16678939
575408046
2260
3429
147336554
26519
573953934
850598966
24099
3994
2378
1890
4623
48160
565161109
75650
18515
1235
25396
3429
34471
16280
66936
6338
3429
311765529
388249992
10375
24701
3994
125416
3288
275847960
459752664
2260
576656521
4243
115636565
29027
7765
29636
35842
4243
212940
3994
132655578
31011
922
387869
964052424
641356224
2387
483517112
4243
2260
22138
1083
8183
3994
851056075
23417
2260
3288
252652
3429
300873
15048
21154
17151
54456266
2260
3994
2260
50000
3429
129265734
552751480
10907
2000
275290764
254004415
827616894
813333670
176491123
1083
3994
35427775
209805034
759696509
1083
27203830
628406983
25693
1155
2260
3994
57135655
912777584
193265
112349293
50341
18062
243092976
7942
284738
3728
17495
53470407
183151836
26251
667215370
3288
2260
511872803
634714300
192177345
318122
406
3994
3429
208053186
1155
899725720
74558
146258
905241091
858266475
19132
3994
4243
362148436
650425693
820089850
156371716
18179
2260
3950
36420
448312309
55320014
281073641
3994
1155
600738458
860917755
20352
335892414
77012
161643
13271
377848507
128414
18801
557672745
898672235
2260
872063627
151275
103305
753711179
32494
572
30634
903643348
5932
3994
12136
1155
849408203
606136953
1155
25357
2260
362611947
3994
1155
67116
116440921
14819
757292220
105863802
169656667
185157
26969128
3994
2260
2260
3994
3429
3994
47914
11159
3994
31371305
3994
24789531
24346
572
1083
825924697
603294
3429
641077074
1083
2260
72089
1155
809938629
4984
811699182
17131
517066854
2260
656640761
1083
3288
19321
927398021
85168867
1083
3960527
2260
8051
142332584
408848612
19248
60430
845216639
3994
2260
333170205
166498095
25476656
2260
3429
3429
1083
3656
1083
424603993
31987
56965323
938486799
479759732
2260
3994
2260
572
572
3994
1155
163332996
3429
3994
670508616
3429
665849097
667686634
755
210604875
777383219
24828
1155
77789871
28503
1155
922
573080226
6968310
892866771
243882583
3429
2260
1083
942724470
21055
22472
2260
71921
2260
4623
13837
776654774
37157
80674
957265568
3429
381563629
1599
846486755
262204069
18031
341977663
20996
404237584
605405004
295932510
637
4984
3429
124716473
635765863
325334085
227988941
689390469
229232500
148456176
22583
10389
27674
46194247
6300432
3994
955995094
96636814
2260
15921
3429
3429
423986475
404423760
7532
34333
51202
3994
577755840
3288
3429
3288
607523708
566208159
18672
380572903
946449461
1902
447218974
747445554
3429
367906529
471175160
3429
1155
2260
2260
26991
309713
663427946
572
53728
803476215
835642497
18124
2260
26328
17957784
3994
29429
4296
491564746
834162610
3994
4984
330868935
1155
243105095
549589380
467996459
3429
930164224
28980
2260
36742030
3429
7732
27610
261339204
4278
3994
55767
39206
397353632
80875
572
3994
81545
1155
1155
1155
1155
1083
2260
3994
14655
843974067
160031233
430390723
11532
3429
29599
293361049
2378
76327212
191860537
1083
3994
29350078
539626064
81465
30742
540652903
2378
560541778
3994
959635482
233613458
82368468
65670421
2260
3429
1083
5273
167919578
32303
151814058
92758
2260
3429
1083
757377266
3994
408956964
258143312
572
398007127
878168694
397380093
728567620
892050703
90770575
692382863
1155
1155
46751812
1155
739356780
2260
15559
3994
919042915
1584
813979908
125076
2260
90667924
772330915
1155
54731976
3994
547
4296
984765024
455815143
880798401
574789339
3429
521779238
936978300
848793435
856459568
2971
12566
3994
2971
2260
44341
856153318
234155226
830607826
13122
915496123
446306148
2260
31963
407207847
60562
17019210
167593414
58805919
70677
436663275
242236332
1155
1902
2260
32111843
622542414
2260
4857
3429
511034097
1155
4482
922
5273
263296135
837807911
40498842
664231064
919104575
3994
298236235
573690430
527794233
2260
652923261
2324
436368036
543880838
1194726
303725389
195263853
835968620
3429
2260
4243
2260
554515781
2260
2260
4243
492302669
4243
939241966
322389867
2260
854748338
2260
2260
2260
260724274
654179427
2911
2260
333263137
1155
14096
677884671
65121
306142902
458768967
364150531
24546
2260
57453
713914620
3994
244070451
69602182
4482
653958094
363968707
3429
301748919
79950678
3429
133213057
3429
46415002
902461911
69314
24964
930035939
168140778
176701953
172006246
406
42731424
34571
5246
3994
37415
61575
665620176
460127304
2260
2260
690850611
104009690
993973289
219355411
266330071
718750060
17800
7972
3994
588333520
387379858
3994
13554
759338420
3994
62191
234324090
290599620
25528
2260
94405896
841124271
2971
419929105
120943300
64930964
265781566
4984
1155
797187916
8344
582040015
452523930
3429
386217687
960199032
1083
24593
260629165
802215661
55964124
3288
3994
142871196
36875
255828980
503168158
2260
3383
33818
159186
909098277
631886047
23536
3429
3994
214957168
2260
866528387
680700774
817080017
2260
469875501
4278
18197
500251053
1506
29818
19158
3429
3429
453950796
3994
3429
3429
249618716
2260
92408
678034878
690841140
3429
3994
1083
962439265
2260
2260
1155
497556092
767465030
3994
419867292
780790134
34039
1155
274553018
531456629
3288
868596453
223732
3994
398272056
568956198
720775570
328722117
576861564
3429
546671617
3429
664808664
3429
347856752
3429
2260
115571
62392
528799307
3121
515738418
64345868
143836286
273034279
8602
183631221
936589510
2260
37909
686871884
135002299
2260
2260
2908
10105
16777
27323
92526
3429
768794910
924763008
474708468
696474960
413497793
995017211
148675398
2260
15689232
345540914
31091
306693986
2260
2260
261563567
133313388
305315193
278020495
827800868
2260
3651
324832025
801340736
1155
615697045
18812
522518
227677702
940274462
94366387
3994
779961780
3994
3994
829838646
82368468
2260
732771189
557481599
675897599
572228670
77278575
56682
318971366
16092
3429
26759
970220906
87150554
588490702
140519641
3994
298683156
551980761
448393392
705364466
3994
2260
889840337
572
3429
14870
467909869
30026
2260
20152
3994
1083
105614320
357766732
48973
832681968
3429
764625888
558315638
572
771375269
648492549
42731424
579146967
67603458
1083
531211093
976573862
51929
4984
3994
318366744
3994
537842793
3994
3429
1155
74040054
3994
7446
2260
594940639
1083
259277484
572
3994
479820780
888193211
12286
87224214
2260
9062
1083
431556044
1083
244394
675897599
147359241
3994
4984
3429
13574
14448628
137341062
291930021
928324644
237412344
181487104
328627876
3994
2260
524853194
232051495
996555756
77633043
276184584
714198186
16297
2872510
595556407
556286750
357200532
895607707
2260
2260
2889
536987539
406
599687380
250396536
650710844
853703625
3994
727206018
617291344
43232498
273967064
1083
3994
107693813
75402
830647113
22378
878796996
628649887
812657449
44638333
3429
2378
3519
446287157
2199
2260
969672033
356994828
237567351
799956519
260269932
3994
4243
3429
3994
892606238
72097289
28530
329032004
30042908
405764512
10965376
313877978
3429
559031581
1155
562002047
4428107
110270
272913342
454266384
896977454
2260
4984
802970639
600645659
499098069
703645753
3994
3994
2378
179139737
669790446
3429
2260
3429
388471923
864523800
169777
131464944
27794
158408209
360835786
896648351
4019003
542532157
27851
21325320
267743122
252733497
2260
560889455
3429
4243
2260
14655
949285767
70478
524763835
1083
3288
564844025
3288
456685151
2260
306121841
4984
731104686
634907413
696570245
702656682
3429
520449696
2260
1083
2260
656344031
2260
2378
607867572
19427
467364664
572
10954
2260
398529905
1155
1083
172692234
1083
466528308
1902
43543
308718265
30874
1155
3429
1155
3429
572
46986
2260
3429
3994
174689456
871029863
219590421
3288
465862889
2260
619887220
1155
3994
3994
11934103
3994
191487084
509724666
15806
27666
2912
3994
635897150
156486564
384013459
572
396780550
545196872
945552186
2260
769101880
141493323
3429
4984
781371966
263268018
404577219
979923282
23833
67972
4243
1155
38248
99123
27723
3429
66098353
678034878
17496
1083
8342
213917492
1525
873622996
63799435
3950
577017749
881212991
1155
382989941
193432902
1155
1155
465332410
900571303
3429
789495683
1083
280496317
1155
2260
30292
43628925
857553399
4243
3994
154458046
756491676
890010530
3994
167899198
55088
212683770
596010480
3994
647789750
285810639
969573231
29403420
518418182
362430276
46831
31506
770006001
4808537
390392076
9943
26961
846398564
1155
425084303
52813757
454643844
776668505
80433282
35032258
506544571
31917
4243
2260
139522103
2260
377843599
54731976
978346705
62829475
162548736
106565673
788099592
103730
77351
199906125
3429
2260
2401156
2260
811285030
947143209
7190
940534520
354297326
5205
869
591906911
1155
15626
411774714
782580575
730380367
88366828
2260
714981241
354224988
470718992
3994
171003612
26376
1083
977488746
3926
3429
334396728
3994
3981
141014
3994
618286521
3994
330990271
3429
2260
3994
37415
19526
1155
2260
294186293
485901652
2260
406
525
24265
1155
64918144
376594074
1155
458027004
742178527
4984
81068304
28020
809805510
389635281
3429
3994
361127228
3994
2091
2260
1155
3994
784392130
82944
3429
543795468
878074563
759019608
10965376
522413855
3429
1155
393312816
886133842
2260
2260
480069034
217058717
4984
534651156
2260
257768057
1155
2260
278443061
28378974
9062
214484156
572
1083
2971
130725702
981197374
587827734
27983
184520786
470964601
93406684
3429
756473336
29756
251162964
7069
5205
1083
62581478
572
897892944
208292
3994
2260
3994
3994
1677
595
2260
3994
266323197
3790
42182
2260
2260
741711267
106516608
59512
18406
3994
41551
2260
4243
962132700
540475413
2260
484321207
172761888
579739055
364397849
866453107
52562
855931139
892680
1083
63868
17690
582165980
483864030
33903534
828709139
463125007
24609
832580231
116202673
955632661
630113626
3429
219625866
1083
293648
3429
449795332
825009109
855690395
328765895
180428159
32427
43447775
187477989
655836948
189856003
831204221
3429
315821954
495112488
3107
753015840
28591
363968707
3994
25100
576128436
3994
633924041
648606975
601441198
3994
159380193
807519988
41505733
3994
388259787
972053693
745710126
635594232
492741066
469430583
26895
2260
2260
2260
557215698
922
4243
2260
2337
2585
19954
806147004
144460259
483480816
25100
724272389
744062754
459682238
236797877
2260
839471696
3994
1155
922
3396
429073885
1155
689553963
2260
745769185
927724536
161911619
14108
59512
922715855
547297218
991239366
16550
3994
1083
444951009
921067511
2260
105896110
1083
3994
319417161
533484659
83771647
429096912
25513
112080
36901981
4243
2260
2337
4243
3994
357688214
37423
278003
787216192
146747118
841637111
436176308
2260
841900600
1083
43730419
814562643
93785182
3994
876020670
3994
3288
747224847
349792674
3994
377025919
7003
2260
2260
2260
20288522
443365068
2260
779737960
684366220
3926
6489
897865169
3981
3994
689553963
304610046
588233490
578488130
91846
2260
1083
2260
3288
581097226
953267396
401518104
3429
1155
130977192
91624414
924196894
3288
1155
802856364
174887823
3429
4984
123958444
29680
714534994
688534289
3429
9943
476204025
2503
112052322
1155
4831
1083
873348992
254474962
783346978
1155
13890
3429
3994
670642759
86656290
344876855
214144950
3994
176701953
452979756
59447767
2260
32038766
3994
400924638
29020
69068688
24346
3429
3429
395463199
105036632
987474852
191225790
39514996
2260
237254550
256014999
39757
29756
4243
270564663
922
2260
994725146
550197143
686764572
2920721
73912
577368246
2260
2863732
794684082
984003384
42907305
7632404
652202370
64170
307417083
61353183
2260
2260
922
597015647
2260
3429
7395
3950
1155
448777970
2260
722257578
332100622
598
856011042
415854574
671894684
3994
572
35638
881367502
602978389
3994
3994
910740063
25910395
691889583
9062
172997566
59069367
27407
549713342
461541271
3994
795985277
28020
1155
7973
1155
12306
2260
3429
752553086
3429
2260
907990310
2260
53306
214796
124527583
483522706
942982408
12216
489757556
509080617
652637069
518321293
728631319
2260
3429
78925494
3513
74037
578901102
3994
503042522
52931
3994
2260
3943
3429
99477865
8151
335985
24304
938887274
3429
40242
665437783
29756
3429
24504
692417711
22023534
751
881744479
52339
361573680
4984
830401642
572
479858547
3429
13714
3994
30678
10040
347278929
3994
1083
1155
922
29268
2260
422528205
29067
265070699
3994
3288
2378
914321627
3994
3994
940610034
1155
749084214
388884684
635030682
836920009
305378622
345246257
2260
17436
7628617
388491594
45164
57150673
322325890
3994
44921
845935695
52339
765587167
486700941
345771738
3994
1155
32055104
633448333
282943807
28377603
2260
3994
553975125
2260
236767088
737760151
85808559
2260
525
36363
708506872
59512
698187330
9866
2378
495121724
161010642
372684894
87178165
3994
1155
2260
396509974
420658756
993831696
996660830
392305807
4243
2260
109714365
575557523
939266258
2260
6107444
524014516
184486951
3429
179079949
41283
3994
21517565
2260
236600832
3994
361167924
715792834
1083
330631407
154481613
3994
2378
923153542
3429
3429
977
26828
4984
796605241
3994
5187
1155
2260
572
87947255
570720369
39725617
662221306
236330328
2260
1083
29855
569634309
3994
811158711
652064500
116694
714000787
443649102
16094504
3994
3994
286158734
710005374
1083
3288
22351
1155
35356
3429
302085342
89268
935218696
438872
1155
564264
62696
1155
835958475
31348
3994
1155
2260
741447677
125392
3429
1083
31348
340733249
207285748
282132
62696
94044
516883341
615464710
257476641
443
2260
3429
156740
62696
4984
219273598
312772913
527797082
884772017
195858
31348
94044
4984
4984
4984
2260
763336210
31348
3994
2260
31348
3994
806153463
865093
31348
31348
31348
172361301
3994
2260
3994
951586092
354758793
2260
31348
6451116
3994
704822852
3429
3994
31348
62696
31348
133175941
907127984
1902
31348
3429
1902
3429
280174508
951371914
3994
525
955847414
58479
2260
31348
16146938
951596861
2260
62696
813106596
3994
957583113
911884225
63980056
714
94044
3500133
1598748
31348
31348
31348
31348
774610595
498706794
721004
597038164
31348
947410954
37641123
346810216
571287601
125392
1155
62696
3107
31348
31348
157579873
125392
572
553784363
31348
501568
31348
1155
474048032
379073184
3994
572
379539344
125392
374885479
31348
556571
523419636
2260
31348
2260
88505763
31348
347491
199191
545133
302667243
575574
501568
31348
62696
31348
156740
1155
623
62696
743566521
125392
3429
156740
1155
3429
289918719
62696
595612
776695226
159095452
91188871
125392
31348
723701287
995335307
8275956
126540177
64195
849656898
3994
1155
3429
625269702
31348
31348
31348
539284572
751575671
452159065
248180128
3288
3281
3281
80320
31348
495959297
125392
106872
156740
302601469
62696
31348
4243
762775105
219436
3950
601978359
31348
392983945
219436
31348
2260
219436
31348
2260
311854481
1083
504941581
2260
406
31348
107849051
2260
2260
179604247
2260
883413862
2260
553487715
2260
31348
1083
62696
723614582
31348
3288
3288
1155
376176
75015764
31348
1155
156740
47757484
231177
3994
3994
3994
3994
62696
2378
125392
3994
17096978
583838289
565886009
31348
36503
1083
1083
246885220
2260
2260
2260
1083
31348
370281641
1164
1902
651884610
2260
31348
2260
912866238
422229245
1083
3429
35994969
62696
4984
2260
4984
462056099
31348
31348
125392
2260
31348
31348
31348
784865211
2260
969690654
313423178
4951907
31348
188088
94044
141638340
31348
2260
3429
31348
571659616
857270187
3429
275038201
268777752
3429
2260
434062239
31348
161440262
31348
2260
31348
31348
31348
468075
31348
855703008
94044
149260211
2260
31348
3994
621491878
724152794
4984
785386539
3429
31348
575640046
277434
3994
400281544
2260
31348
954787980
62696
667899714
268777752
31348
517656086
504532
3429
96795
899066243
40546
31348
31348
31348
31348
3994
2260
824015316
3429
4243
129031
1155
62696
1155
762532470
216923
2260
31348
2971
31348
2260
407524
80210239
1083
405454724
3288
3429
765053381
2759983
176175760
3429
3994
2260
47352
31348
914813478
1083
107607018
94044
2260
31348
3121
3930
584274842
584203177
62696
31348
853177397
31348
647017886
3429
31348
501385402
125392
438206822
173518844
31348
89941173
62696
4984
390204579
1155
3429
2260
924407128
258751005
601873842
2260
4623
159493
1083
156740
2260
177094693
31348
31348
31348
407524
3429
1155
3288
945124279
11769
183675336
4984
3994
703940167
41453922
429894040
62696
3994
62696
348410608
31348
31348
62696
193868
2912
31348
3994
496635898
459472970
971332016
599018535
310022938
166340001
31348
2260
1083
94044
2260
512759236
1155
31348
446434561
556174
3429
251486013
219436
89959890
466385241
957588835
3288
31348
549673468
3288
3288
19765083
196231494
31348
31348
395395584
572
161162515
31348
976713431
482238633
20611
3994
137749884
3994
3994
482332192
187018266
802627435
1083
3994
3994
3981
408754207
31348
805313644
3994
2260
568427258
3288
62696
563939714
312752937
31348
3429
691911438
1164
31348
3429
154281757
572
53146986
201499463
62696
2260
62696
2260
1155
31348
1083
2717
650271317
31348
3429
856458708
467830506
94044
796983699
129537563
62696
79081699
219436
31348
2260
829657946
248232175
2260
736437843
377175475
62696
62696
3994
822497855
94044
174036554
1164
890409951
31348
85595990
677562883
265989360
4243
2260
563974491
52727
660941232
62696
31348
4278
2260
85734965
2260
431464585
172847590
4984
3429
572
729904805
3429
2260
672483606
262145765
94044
146046762
393200458
62696
499965343
31348
3994
406
1155
97753445
2260
477260605
28201400
840708122
406
2260
803458358
944764099
3281
406
288782367
3429
234276
3994
3994
62696
455274715
1083
30500
3994
3994
434038
550285488
38347
94044
954680519
921597275
31417
78464847
4243
813397738
487654216
730828990
310330908
338006571
365334014
4482
268806252
919673946
11054
3994
62696
181617900
406
156740
