261719
322578
213390
170702
4067
32224
2298
33034
2298
42309
37501
223244
327757
7426
311471
50270
2871
2298
83236
642911902
2839
253544
489138909
28511
703
4932
2839
4932
15952
14988
206157
10419
2839
2839
2298
976520132
137741940
12610
2839
32272
2839
18708
30226
2839
33642
863867986
566333756
2298
210803
4648
2839
412038933
1213
2871
200785947
2298
2298
2298
2298
844606638
47914
2298
151109
1065
103340
4932
33670
2298
20417
2298
601725336
4419
2524
372457809
123956358
2298
657318692
4603
1625
2298
2298
1757759
52846
19426
2298
584041671
29986
2939
83297
549681300
229133
595394626
992034925
428394270
14004
2639
2298
125090144
547190304
346384328
2298
44801
882891989
101619
15115
356971786
159030819
833804607
89364
128410704
2298
739286601
16563
2839
2298
21552
1193
787364613
15475
134055
39277
115878
150975327
24116
948281499
728725456
2747
341857810
2747
12914152
716448065
1122
707637459
261875506
244500266
904344901
574687068
2298
2298
2036
63772
2298
2298
2839
324
29758
2839
1213
315144354
71178
4426
2839
640770175
3426
231121
24349
4932
426958611
2839
95962
790400141
2747
26704
778320124
92655
15642
221998563
143006160
2298
538614446
744714934
940408800
676694850
405964902
437263425
28055
256356568
292709
730329191
2839
2298
2298
2839
2135
1213
108217
24349
2036
2839
2747
681476012
2298
14732
2298
680545852
354963107
13298
2839
136721
4932
2298
2839
2298
749734519
78568
2298
32669
4932
2839
4509
172407227
422639119
572018686
23107
4932
363495315
423538721
95765
1213
669438836
32844
300636518
853298319
894922374
86582039
2839
2839
286678126
546198618
89617205
17633
543007598
398852898
551841516
2839
116121973
2298
742029238
23467
2298
347323611
2298
19406
720838914
259537859
331201991
127881964
68003
18585
4932
841803719
564123175
69742
184026442
22286
4932
310393381
2839
384133083
4932
427623180
114818046
2747
56741606
2871
657584795
23650
46566
38049
847664725
365895515
2839
21581
28997
288459804
898660600
880607157
2839
557250398
15798
22954
862389719
2298
366548751
2298
769198628
15979
398620131
2839
445107
9055
1902
176001287
137154658
2298
542409950
350545052
243257616
12335
646620419
483117528
945301653
666633160
52303
5619
21597
57696
16517
433357584
2871
2871
97698387
754166381
321059052
488848398
4426
2298
38649
574657115
56195224
2242
2747
2298
209730382
65915
455415755
725816475
4597
4932
397312
83670
231445430
2298
2839
303894283
2839
6262
2839
995368324
82167
611792996
1221
496
2839
428984822
1264
1122
12914152
1122
829511821
297561262
85956304
1944
637919
43162
755940453
191033223
16408
4932
243982
155
133803876
2298
39031
2747
985439087
2298
16656
10083711
9426
2298
4426
3120
554210903
4426
3153
2298
320432004
537521752
829512865
521
32715
2298
515586546
1122
184231944
2036
334986480
2747
2298
2839
711122577
2747
44063
671417106
29744
909075430
19316
4932
4426
24405
33405
25948
70354
863765296
188841656
2839
2939
910538679
2036
883876964
348250900
2839
71792
214574177
376485080
21581
27190
214499369
307313964
32248
46391307
27628
254883
10344
2875
720407186
1213
765807032
347993544
256729
4612
928728585
310455266
401419721
1213
2871
31754
5057
2298
2298
858177142
2839
807652176
29676
29676
2839
2242
2036
14838
191663388
698208971
589550151
2298
10388707
89028
2839
2839
4932
57484914
646978817
38958
170434487
260686767
348441696
2871
44514
292144170
189209865
4041
129667356
416040440
254883
18402
2839
28648
2839
2839
2839
14838
814487880
284234292
316912760
2747
252246
24625
445744596
29676
51961
193989565
548553814
2298
14838
4648
2298
2298
151559959
2298
993505480
2298
313770174
20227
178056
989853266
210079047
9109
38118
340375
64384
2298
164573130
103866
692913433
2839
21036
29181
2839
88865
1213
2871
266560132
2298
713415596
2298
2298
1626
58556
146355
195820894
962001272
193058990
124206
10007
2839
722877762
33584
22070
681
819973548
310856100
1213
2298
621272373
722659897
3919
2298
516697685
131204191
21168
162538
18930
697645640
260628697
8669
1213
492721991
266381207
1388
29676
70199547
2839
2135
4426
17513
279669018
67332
572
529858115
2036
2298
29676
2839
31957
31371
4648
4648
334327046
648961404
4932
2747
2298
42594
75692
4596
2871
8285
2839
2747
496723090
454
836472872
213040767
2298
7800
2871
1213
479781131
281922
2871
2839
279227786
2871
2298
1213
9768
44514
816652578
2298
363562645
59352
29627
495847121
155817
12840
35723
4426
2839
29285
4437
112010
2481
38279
2839
2298
2747
2298
738021476
478093611
1626
2298
2839
53736
2839
28305
11421
1213
2839
441599822
267976812
2839
1193
50714
14326
32234672
2747
2871
142665796
63073940
2298
19277
181808340
4648
2036
14579
2839
2839
146506
2613
2298
398414490
16889
2298
2839
78721
745995225
810237385
2298
598377794
316888215
465397872
183713000
333754723
78901427
2298
2298
2298
78997813
69371166
2298
6494
27742
412293
384294612
2871
168494557
698458231
74220
111174455
118461353
908302761
681081073
540377056
58130
2839
31595
1122
679231765
2839
87211501
2036
777238012
2298
5610
27791
75526446
2839
699683078
2036
2839
413249334
2298
1122
35547
666217501
59352
1122
1213
56914
948604335
2871
2036
203425419
2298
2747
14838
2298
2839
11726
15897
4932
2298
965628424
1122
480058114
235635593
2036
598360244
2298
2839
835763533
870184008
4932
4932
14838
4932
2839
2747
13204
1193
3126
130778503
2747
2298
26902687
2839
209160192
715127282
7227
2135
2298
186051271
27786
369837090
18804
30155
2839
2298
4260330
4633
14838
2839
967316286
676331354
2939
222756732
2298
2839
36675
2298
380884118
14838
2298
2747
14838
2747
2298
2839
526881424
69955
2871
187940
2839
4932
2747
411560196
48988
752211713
108895
79421211
2939
4932
297948599
541022896
2298
3388
177830978
2871
155
3427
29676
67082
9540
451049
105340891
163574112
755557841
263941959
393648957
537591773
4426
2298
4326
2871
9331
540046851
280083
2036
756638457
2839
30589
2298
17308
115046004
902723833
1213
10896325
14838
940563727
2939
16305
2939
470127192
253457813
62834
460329696
14838
449470781
5178
4063
19999
129172898
609931518
981237788
4932
20474662
619878816
2298
463806030
468156160
2298
4426
871441509
210116791
955418923
406229821
32493635
946526134
360791873
2298
4063
457179589
755798302
569003474
36394898
459528468
2298
232541921
4063
215755936
50257426
189258952
783215575
340676981
2298
765785955
2298
2298
644852639
2747
2747
108122052
4437
2685
843235120
2298
831709506
135881870
914665375
181901705
923602935
763783877
427857189
2747
715463616
2298
710826536
2747
352351793
715081093
2747
2839
4932
165751227
135881870
2747
135881870
2839
547282532
2839
4932
404915635
2298
356941307
609251506
2298
4932
2298
517385393
158086537
2298
2747
2839
4932
4932
903797853
2298
2747
377930153
237454750
4932
448092304
2871
2839
354623233
2298
2839
860164803
233336357
2839
4426
2298
302748303
854757231
783020266
137307107
2685
330438235
797194967
977607922
827857765
186768740
2939
89284935
2839
324985094
401151792
939125474
944628919
2298
916178546
2298
20845180
135881870
699232787
2839
845720432
2839
773801949
501347812
1122
282322749
1213
908451079
465159543
723912273
841288705
278298830
210116791
2298
991825628
83943391
2298
2298
974567150
252617456
2298
894918411
969150279
944181614
934564919
135881870
2747
4426
953853374
2298
883876472
953077090
194779711
2839
2298
814593730
2871
2298
369987603
843217916
2298
949723842
338632262
434741222
250662196
831204588
988125763
271646508
1100
2839
2839
535991157
214118870
410845414
93651861
190960206
578254605
373175660
476137407
2839
97946059
849589114
4932
455747440
2839
200602165
2298
135881870
484698122
96253351
689563714
2839
4932
233262937
148433201
395243799
779487030
2613
416234351
351592470
2839
720183940
534374312
694842801
2839
993636354
303745458
312795300
983390720
2839
2728
841288894
862501679
2747
962528590
733426348
525827746
243199076
215517869
546640235
424369285
59609432
825298744
765589818
185409100
47189016
73395686
439103696
907007745
377108201
2036
811344441
2036
67164558
690331380
24464887
388677994
779285390
466789433
132115954
2839
481771383
155632445
2839
162570985
118584120
2839
186582034
393872616
214029547
36144
135881870
622747808
549952638
4509
1122
78194517
135881870
253228301
407667364
638254411
367041589
337313037
1122
197825186
773466728
7260413
484257025
98284492
2871
697591131
114395735
472914718
650754007
2449
2839
2298
420888578
816030307
369613479
176118791
271763740
158787596
88810607
42376210
424314220
2298
149553321
101795152
714081869
2871
263555590
522466738
781362486
2298
2298
738678325
3202
2939
404855758
4426
365711968
20865
753094945
604617107
4932
2298
2747
979391893
2298
669595347
719899527
748025571
928315892
257570822
2298
271763740
359668576
222290205
303429265
113142221
312795300
647864176
492830793
221405292
2298
281
711681706
555158075
232888201
254962971
2839
196902062
158563767
514441467
2298
2128599
18072
741761480
4932
815291220
808989693
389878453
3521
2298
1213
1213
1213
2747
1213
702096621
26986
1213
940125618
637193021
77169488
228447943
135881870
556219899
699866972
83293178
192040015
2298
23827968
345997209
436197973
374293062
310191647
301350712
96943902
2298
201349800
4932
2135
2839
38667589
2839
94269424
2298
2298
2871
2882
550798417
710997865
171932764
2871
673467750
1213
173786856
2747
496146940
100997456
55182522
2747
18072
851985203
90357472
626383892
1213
616795510
561299252
205796747
851064735
23088399
560820160
266980506
843760602
269839681
541783043
2839
396793756
31179058
2481
135881870
178138539
834398812
145343610
2839
776166393
2839
585990295
837963652
520936399
135881870
172221703
2298
2839
741996575
615038085
407668218
24773383
188190136
628208265
40735193
446284122
2871
622747808
707131719
2298
133898327
657335855
2747
47663474
90775782
2839
112918297
45130
134456102
2747
2839
2939
618047878
357488
2298
4932
2747
92041541
847696647
444855530
2298
161765333
72778036
966413894
2298
2135
980335085
188840075
716119291
863916320
960923644
920573906
189444980
135881870
4509
383631405
2747
2747
325594271
3254
557630319
135881870
937334291
867046149
193695723
59090007
327413070
758944400
863675736
14335378
896447767
909777117
2613
310671040
2298
741913170
941163555
11424
2298
55804945
4426
339128073
398678036
1082976
578032518
697297451
267891580
2298
548032970
11156927
609659400
2298
650268272
271818057
2142
480682082
382047501
904983192
1213
2298
2298
2298
381436412
2839
2298
59250752
557224813
485276895
180316805
47712
2839
660493369
92053782
2871
401342933
505560637
2298
660209348
792001524
392457173
4426
2298
2298
2298
2298
769574334
1213
4426
149189305
846441033
443557144
2298
1213
864945618
2747
2298
899427328
867046149
4430
288875261
2298
532
52153915
47957246
298
547013077
4426
21499618
978672366
651268578
309480742
501842300
2639
4932
868112303
849282031
989196005
85460500
468538242
793907653
899351150
635004957
121860349
186
728989730
92205286
2298
814851281
432068073
2839
377376816
904241060
2839
4932
815115839
1122
2298
840472342
2298
832844205
568647118
381684791
4648
2135
631441379
803637927
725041719
2839
2839
778863049
986480839
560470035
2298
321452161
930890922
503762942
2298
2756
4932
352274292
2747
579218661
925370389
2839
177959665
2036
851540876
941234667
47821131
31021
761052245
2298
600806178
2839
977650000
2298
332871399
501462666
499454593
364074250
407083942
290947933
163998900
55875
5952
2939
271763740
1213
4519
2298
738103377
120765828
29922635
491587075
467595838
2871
823549453
2298
343987218
2839
491317317
135881870
454
684703299
88724728
2839
607537304
135694244
607600362
473547824
1942
544504102
608171204
135755363
4426
135881870
365287116
4426
2298
247972482
153958780
554400568
264298321
705626622
954149741
2747
447846931
2839
1213
257265561
346860597
2882
1213
1213
407659142
488204488
106393152
4426
2298
4932
2839
168456800
950205161
135881870
960923644
2298
385978612
316279948
280974280
2036
271763740
779250659
641725414
2135
493361829
4426
2839
474440474
2298
2036
6097
176157370
80769274
2839
2298
2298
450478387
2242
490813951
299057153
888854679
14789
183666291
2882
921955088
868784417
315827076
727529535
315176530
9923087
767736909
78194404
135881870
447903880
558818678
592519538
2839
362016785
4932
910670073
971237416
2871
543550957
392530691
2747
408192934
633125257
743959888
333062006
2613
306039752
30641772
2298
489268976
847970894
581117630
1213
385147914
978724279
1213
2747
610552771
339293391
298859352
430205741
2298
24341908
2939
2298
993342233
10654
166333794
376922078
2298
64410
766724295
640336542
336034281
863429244
89387673
315037014
53568643
2298
6304519
2871
46047
121979421
1122
690426668
235644167
327984716
465857083
4063
2036
722064625
4932
2839
2481
2839
329870838
2839
59211900
23899397
347792374
212187351
85871433
795243903
325915090
39838660
2298
981470117
2298
422179128
2298
958799384
2298
419897709
905392431
270287279
952768930
2839
2298
210245276
28179
30578142
46047
317876422
135881870
2298
2298
491080994
2871
2298
2839
174886850
2839
673639570
271415155
4426
2298
2298
2298
4932
1122
29592
2871
364074250
2871
567779750
2298
2747
298595488
298620995
987777954
290625
313897786
883636715
97000
484596444
2298
843751349
636665401
616508887
149189265
404118309
2839
2839
2839
228243235
451506823
2839
492422602
743238484
2839
705965404
2298
46047
4932
2747
283184674
4426
2298
888665260
135881870
1388
2298
4932
2298
813423871
184406584
702778443
900032669
749374557
954149741
387189989
2871
2839
2747
626829327
2871
379314839
22848
467911871
2839
497754658
2839
966506147
2839
2298
2839
3032
325349690
2036
2298
169750
29592
9983523
556054213
2939
271828390
2839
37924989
848763772
310431635
2839
135881870
174517875
922789941
133909713
906380297
514005132
953
29592
73315179
12882
55804945
626933185
422593704
177390660
4932
1213
977478019
349403446
2135
2298
4932
59786965
594786325
2839
2298
188186029
712152036
715923867
135881870
2298
385462667
405077980
2298
440251057
202401409
277398241
243453973
135881870
4426
2747
2298
24250
896896814
422234126
4932
1848
212996293
135881870
2298
2298
814297363
2731897
85999158
2298
2298
979897377
2298
2298
2298
672550770
203240230
414170463
681076324
47214
1122
835667377
29592
2747
891111839
123404028
807045621
790696299
402106866
29592
1213
730598641
756483847
22041
478977684
814758925
448568952
129319120
2839
970803315
682887835
2747
4932
617262080
29592
906006495
351381826
332786986
237947607
4932
102071909
109284530
11521965
2839
357488
24250
963799623
2839
2871
2298
2747
4932
780661979
282193429
968817824
2298
2839
131013
541000670
647332765
2839
924175671
5419779
660834130
2839
13141309
149519405
496142311
83071773
29592
919924909
2639
753739261
728148500
2298
2839
680792111
4932
2839
2871
2871
2839
852651807
2298
310671040
814678036
2298
643439304
237729755
593639456
207852380
524999884
2135
656913539
4164
15220890
2298
624069444
311686134
2298
209138602
399636548
866144067
679677957
930537262
895873100
52594389
871189074
2685
677544112
83020267
891595336
228180992
2298
4932
522
2685
311284017
972380562
464359510
326717511
15738
2036
761325630
29592
2036
1213
2747
2839
32106828
125357719
552420375
4932
784578757
120612658
2613
747257083
809568645
642698663
4932
132806962
574997410
103178851
59184
549750315
2839
2839
664351060
2839
916836128
988825412
208795026
2839
2839
135881870
2839
991968722
557322124
963396531
975745661
29592
366073046
2747
168758264
760037373
2839
31726900
2298
994504947
263892282
2298
2871
649405229
2871
697591131
587918459
2298
2871
62734
728379239
417118996
639168581
945499973
125429069
343064094
135881870
4932
218892625
188068059
912699305
2747
2298
2839
196712805
765815276
2839
1122
747342623
904067014
2839
189333520
135748751
1321
29592
940718154
947273177
2839
244119371
843497164
557224813
194616
747055321
615038085
2685
2747
756816953
534375034
917954799
2839
714972587
2298
655216859
4932
200879
815495812
114089591
2298
439081492
708564004
208897300
470858
789493919
710622310
3227
198639805
482158543
532
2298
2639
2639
271545314
479630323
2242
2747
590193143
620525348
2298
957931379
906510826
1213
115400463
135881870
187959
413548312
2839
2747
992928556
2839
29592
2298
18500613
2298
492940084
280665384
510319031
970889084
2135
2298
2298
92180509
570735439
2298
4426
470100510
120390825
634910928
4932
2839
883562699
911184921
271990683
495450348
2839
905644101
710173444
375179136
571714098
805508741
2298
220046497
680457478
135881870
716159665
2298
2839
279342002
51343447
2298
397874947
173280041
2871
2298
2839
2747
579443286
3111
242668017
29592
88776
4932
515296578
2298
952201521
97953584
32531848
652451675
2298
2298
2298
400490923
4932
2298
594540038
138088574
2298
969859453
29020872
500618438
577093965
782681091
2613
380874652
2298
2871
381691497
268404267
2298
193136505
472288090
2481
4932
474718909
647015261
245148773
501728269
529261969
22565
136096118
357402759
4167
383823989
146906923
135881870
120576369
2747
2298
433429450
1213
218930674
410454685
4426
733399656
483341976
170490490
66649536
478518519
4597
1213
574389862
2298
863848748
858186473
194789644
613998906
47508816
13553400
2871
2871
498747986
591567320
2298
2298
443285426
497304855
2298
97072426
465268269
107258972
2298
463205938
989117132
948284723
268576846
467883350
1122
941124299
983184438
984416009
108240397
56153488
416347901
3120
736758823
470127380
373991837
678704655
628118514
2747
63284236
576760671
833459650
844430404
458971002
544474643
61424986
1122
4932
239551246
2298
546309220
2839
4932
4932
2298
608090587
660433627
423029228
691594062
2904300
1213
546418099
145074704
533992143
68318263
319406461
682765207
12690408
839539103
691103415
2298
271787839
531602148
342569985
424736350
422433837
470791508
2839
160885513
955067672
59234678
455519837
2747
42985075
4932
245335432
387911806
525494636
12690408
2871
4932
2839
805525
304231856
731143212
83696113
616434430
971731239
210376
780030260
4426
2298
701309277
659235092
370965670
2839
250386502
567909736
431548763
860139913
184758
525262942
397504277
1213
2298
61586
520727241
333181284
695868959
2298
2747
513439364
826236059
696815876
844194517
773023183
258704637
43184
796558396
2839
4932
689050036
794164756
2747
817019092
912760526
643191269
4426
4426
292180485
2939
595861003
373799705
2839
874181017
950856488
836754954
734964998
674426273
392432910
625350754
29592
2255212
4597
775318331
322973851
804027168
2871
2298
228067804
80614480
21065856
126987814
281503881
964548638
906734122
42192
2871
521225827
891985694
842255522
2298
2839
801676002
55036024
2298
2839
2839
2839
2298
2298
619680847
2298
7266682
28491
2839
268486454
39069
200058279
830046246
535738817
271385001
813828110
921013432
4932
273945436
33245174
577485761
981878000
4932
430796148
2839
2298
656791507
2298
4932
2839
845055608
2255212
623633931
883715217
33799760
911854222
2839
2298
654062987
320534551
4932
874778487
915590686
4932
7892289
65281657
885225944
880400783
22565
933737771
2298
662644879
417769677
372144099
2871
55036024
494826079
271763740
729593055
727428923
215849564
695634519
11423580
4932
87062616
398602950
135909296
980478568
2298
830106866
328699094
39069
635393596
995889860
15602362
891274806
441805755
547307111
2298
719477707
37689516
405347867
496554722
584935334
118945922
619244552
1213
725175565
616152631
152779022
779597225
864664374
4932
677024949
2753418
376728911
534577047
