212682
4728
167510
360130
538099984
28885
781
538098343
2000
144584
77972830
12308
23360
50332
3756
43201
467775575
69913
423
524332604
4728
306173
443289669
132516
4728
3756
3756
234159326
180786
6244
4728
914524788
63297
635147399
2000
144563
1805
261691
18195
991393595
11948
25122
15178
3110
353224538
25177
549772677
45859
784
31919
3756
182489790
35017
13382
11532
4728
95948
422960332
30082
675844406
29664
4728
2663
984623422
4728
26004
208533051
67164038
388917991
499656202
11044
4728
700505590
784
1956
3756
4728
22339689
1474
401539192
36146
3756
933699604
1510
621319541
686908698
938065621
212549
1465
2717
15724
3256
46917
45591
4728
3110
784
6499
348197
59364501
425689369
35599
4728
120933
30720
2000
3144
750694387
312940
34790
104456
60484003
4728
838922983
838995280
462266743
813627123
14173
1474
1474
6249
73965
9438
1474
2969
242398
106740
423
916220844
1474
780873522
397287897
925577102
3110
4728
31377
20101
2000
12049
32284
4728
2921
987117062
298496327
824356688
11253
101859521
23913
65953034
87544
349735026
203108
23905
3756
808425862
593017413
89354
9932
4728
589425852
12040
3756
784
4728
147205222
3756
4728
238104
2921
345819365
423658
3756
2452
4728
176189846
17700
3756
3756
4728
797667230
27019326
2452
2452
117079854
31473
4451
4728
423
3756
432614202
921596952
784
4728
3795
500258
2452
25331
1474
609195303
4728
393610
530340
418889
1438528
316546
4728
2452
1474
102752
102752
131232877
144586104
441614465
195220820
195483666
72447295
2921
206960392
2000
4728
3110
25688
2000
303085801
671197286
501221832
38377
179396319
401
560354693
723985379
423
3284
25688
3110
781
775993206
48359228
784
768486367
268798381
51376
51376
257812443
25688
140345
77064
231192
72283
2452
25688
25688
106107562
25688
25688
933127036
579952
406620
25688
25688
25688
451930739
4678
305511541
305489093
4728
566006142
2452
127
7408
2452
25688
3341
4728
25688
3756
611183851
178186
25688
331760
2452
4728
610276131
289772253
22247
25688
51376
4728
4728
199288554
4728
784737736
4728
400747209
4728
205504
128440
77064
25324
2000
32398
25688
4728
51376
105717412
154128
51376
145086999
423
4728
946386435
205504
4728
44195
163329659
2921
55204527
764397085
7287926
25852
4728
25688
3756
102752
679842321
1474
3756
4728
104013915
784
852867486
1474
4728
4728
2719
614628792
2921
2000
781
102752
4728
205504
51376
25688
583673052
607654682
397831581
4728
4728
924379061
176243873
25688
423
77064
4728
14043
2452
1474
25688
781
2452
2452
25688
128440
673796240
42301
2452
421256144
25688
3110
677360915
51376
154128
25688
2452
176510590
719264
673170701
747504337
4728
77064
989012288
2452
1647625
840392616
51376
471263421
212912
781
716852399
577806889
757101811
4728
4728
5879266
797380889
9319
51376
102752
2452
256880
2000
205504
810426604
25688
77064
25688
335412832
26689
4728
4728
781
1129
2000
4728
77064
3110
359632
2000
1207336
4728
25688
4728
4728
2452
2452
781
3256
423
4728
4728
51376
4728
4451
25688
31974
781
25688
3756
2452
389675508
720803228
784
25688
68621603
548680605
784
905089908
205504
1204
4728
741186655
652860520
119
206227769
3756
1264
102752
211029887
307806421
4728
102752
25688
25688
179816
978491236
25688
903918527
179816
51376
128440
4728
569505688
3385
256880
3385
805185942
740793628
4728
79205936
2000
423
634947716
423
4728
4728
25688
1590
25688
456932
501575215
813
4728
438763967
8274828
282568
4728
656190668
909260826
4728
22335
25688
3256
118664
545079977
102752
794372740
25688
25688
924050493
25688
179816
4728
4728
1474
56493844
446353270
77064
3756
97063
266372195
628467861
2452
51376
25688
352881903
781
384950368
25688
4728
85464892
781
982025363
25688
2921
27296413
586698802
847216623
4728
207933082
328275655
473797
538487592
37262
4728
51376
701874707
3756
62366777
51376
25688
514479264
2452
2452
25688
231192
733826318
9745
4728
482368726
9736960
2452
2452
15693
25688
572567229
666136302
784
229294
3756
44973223
3756
4728
77064
386630728
4728
4728
51376
781
17438
710885922
423
682125461
25688
520374784
652860520
25688
25688
3756
77064
560602006
77064
93816
390965645
3756
2452
648433268
202672960
2921
3385
51376
456856
12800
2452
3756
781
1143
211168837
3385
102752
784
1474
25688
577583783
9425
3756
25688
958694147
51376
25688
2000
4860
320
297929424
25688
4728
25688
12699
423
4728
64941
423
784
599610
51376
617531334
3756
3756
240016
25688
320
25688
58005333
2000
25688
25688
4728
14032
4728
2452
94040
25688
4728
322519
51376
219985397
437015
22398763
77064
911015718
970397812
456
4728
4728
4728
4728
4728
3756
6686
3756
200185232
4728
416507393
4728
3343
69205379
1474
4728
2000
609008755
77064
11488
781
34983
372205267
422585513
4728
4728
4451
128440
51376
68522996
4728
4728
4728
4728
109878779
51376
681388502
337791930
4728
13914283
3692
282568
140236
3756
639789691
781
25688
263620
840406383
2452
10362711
3756
25688
826843456
51376
40441782
77064
2921
8719
8610235
25688
25688
4728
790990861
2000
2000
13624
758007105
4728
25688
25688
93800600
529707084
4728
380408314
47117615
335216067
3756
2000
2452
423
25688
2452
603553614
47530
163940
932752333
156239042
4728
27514788
4728
4728
98218
4728
358717114
784
25688
2452
3756
2452
840373286
702677410
25688
4728
4728
32526529
3756
2517
9541398
62137
266482634
25688
298739889
113586250
4728
61676
25688
51376
4728
61336
252830
4728
412616215
2452
356169070
54991
2000
208944589
452200605
696990745
3110
35572744
2000
30654
380996383
2452
4728
232472586
4728
180804626
983175815
632462180
102752
576186783
209397
161956
177944333
404326211
7408
4728
496747654
634968262
4728
25975191
25688
25688
4728
4728
25688
3756
18021
51376
2921
4414
4728
692560218
132327
49109
51376
832625735
806935084
834592485
67860362
2541
4728
360369687
299207
836820723
318070199
919892185
781
4728
5759137
865130978
51376
25688
2452
1510
18021
34131344
25688
4728
40738
800945585
179816
20478
102901654
16985897
122785804
4728
784
174975223
2452
128440
755024131
4451
3756
4728
439612391
2452
784
749495175
102752
25688
4728
25688
4728
922430061
481454824
25688
441146190
4728
4728
2000
660799718
89340
715252082
77064
102752
368852647
321947704
30641
834493129
455118614
2000
2144310
102752
282816334
784
3110
147683943
943456903
51376
31503
944430242
4728
25688
960228423
729749615
478735035
77064
25688
25688
4728
196564576
312766088
119
3756
4728
971
25688
2452
2452
51376
2452
2921
26715
576005574
298649898
866594746
2452
596732240
1857
276462617
3756
52784
178445518
60668716
51376
417389
66909827
276436910
2000
37628
872413791
724324536
926204130
423
2452
231192
400798242
353
4728
2000
28113
378136842
926766953
151786
3385
31032
58973075
54618
25688
326210172
2000
289298214
814548829
25688
128440
847685289
814121386
4552
51376
781
4728
353623145
25688
19197902
11894
690811606
326800995
128440
25841130
312445771
25688
2452
2452
25818680
25688
3110
700511760
282317168
51376
781
25688
4728
2000
784
79176
48833
538857176
783296964
549212821
784
25688
25688
874005583
333836223
22335
2000
2921
3756
3756
3756
25688
34112
502640732
657809527
132871129
56548
784
102752
1264
86925
637910680
3756
77064
4728
72626928
176082417
30115
4728
138852719
4728
98729930
781
696196385
657204039
671311911
25688
4728
143425054
25688
124339052
17024337
781
2000
51376
4728
349801525
757443973
36418
495890533
508251928
48833
88709950
76423123
4728
784
150011512
25688
3110
642841585
14262
15465
2452
208121836
75763579
658788578
644113018
609410085
68371
784
40781
79998
579786454
4728
149683500
531512013
781
51376
909329456
545909174
4728
763743987
710657827
505762822
2921
25688
4728
143184912
2921
25688
723645871
263770747
102752
4728
795105737
233775236
4728
565842919
464416055
25688
49840
2452
25688
488191185
3756
3756
1204
956185199
163193
946109384
781
3685014
253233625
408667976
225883
283186569
707258692
25688
633943510
4728
791545090
37628
2129
25688
407663
3630
651040413
519574905
25688
374860796
26749159
431392476
102752
54190881
38652969
2452
633665171
4728
924793394
2000
174739594
884125642
577034976
51376
2000
2000
859957966
4728
4728
440317466
51376
3110
25688
51376
3110
3756
3756
714576040
203765881
21016
2000
777987617
879939349
4728
114139860
949491178
323198354
183934573
4728
2000
25688
325062777
865884226
113775387
25688
4728
25688
205816166
813853328
2452
4728
4728
4728
4728
2000
41382719
79176
34906718
4728
795200579
9736
229628289
25688
309018973
155515152
25688
4728
114876736
458369553
2000
138914200
347413
4728
106769
428110071
4728
2000
145092302
2000
314340422
142595548
500776426
724801808
781
2569
285828677
204403278
901422179
3756
803188058
77064
4851
537196505
874262916
4728
4728
4728
754253965
245967218
25688
781
423
4728
443877615
4728
917347672
741525670
931282447
72626928
316337
51376
346586235
3756
150107955
393864913
353068176
3756
3110
423
407663
25688
505175785
3756
962566923
48310
2000
826303189
25688
25688
108559974
576878608
2000
31420
784
34983
535505826
737756169
40864
560980545
4728
61094
512152515
781
1474
4728
94761729
25688
961029048
4728
1474
25688
274325538
101340
843746587
3756
1510
4728
51376
24868603
541036623
399160899
556765506
4100
102752
25688
25688
147251
21002
2000
25688
88912
385504941
67432
23196
1567
750094816
25688
77064
959142985
51376
28752
726525072
771584532
33102
165968853
664800499
318627237
4728
3756
125114770
3756
408640963
20648
244535616
781
655072790
25063948
19125
25688
600905634
781
2000
3756
48338
194614385
3756
423
102752
177179305
718500129
965852915
1474
778110585
110321723
3756
12210
2000
4728
483599247
988984585
3756
3756
8748314
501679983
25688
479024821
315259825
65695218
4728
65016
549765903
25688
298694244
781
51376
781
219623852
824878225
35913499
784
551685012
6193
4728
25688
373114186
118327
860785063
25688
4728
830192961
2452
4728
4728
51376
411036
883172122
4728
4372
8758
4728
3385
535033203
4457
3756
3756
902537472
637368830
4728
51376
297467040
812801598
51376
4373928
36118965
105504199
291828291
4728
938620133
596565102
86604549
403455728
439289289
828160366
3756
3756
201324860
4728
4728
3958
4728
619239045
494108420
2921
51376
25688
49800
82148
295321367
4728
4457
134674
29272
781
25688
939142086
240988948
138457574
27542702
38856
3756
86230
25688
4728
85130332
53480749
552916605
397559671
244299254
2921
299525525
784
706113520
3756
102752
423
3756
401
894315857
25688
44507403
3756
401
784302070
751056995
128440
275057315
1474
1474
131960
37702
25538
89214424
889174585
124125360
581276921
305513850
870460678
154128
575197249
60690094
25688
25688
284458600
25688
25688
25688
3756
173534875
4728
1510
555933978
451763072
262043288
592559162
781
2000
389
2000
383229
50504360
2000
25688
664425317
2452
986098625
28355
44516
414822540
25688
43186
4728
25688
752173842
396839572
3756
918365099
2452
460100235
349820372
773748248
1474
126140005
3756
2000
177724
517959278
3756
2000
454626671
781
4330
25688
25688
990638030
781
3756
408664485
4728
2452
4728
2452
2169
949269251
471933584
12737
7515108
170523484
51376
423
2000
25688
4728
958010179
2452
25688
94562
2000
310369949
279948
2452
640556298
4728
432111221
2452
25688
4728
3756
132693434
51376
25688
289155901
4728
72626928
4728
402817729
496480320
361883701
25688
4728
4728
85223911
25688
19355
51376
2452
4728
423
30525442
4728
894734966
3256
5941
426100532
781
539771675
154128
2452
289867966
48872
25688
4728
19351
4728
836903645
4728
77064
222496
4728
4728
77064
784
46931976
218639
25688
205958417
213862203
526488193
4728
3756
283775
196061
3756
270973
147337371
93127
5408497
990952376
80665
19521
598528643
25688
51376
91972
2663
4728
187120178
25688
4728
423
520773
103382909
36933
51376
235402777
59009
996035785
885750693
781
49938
781
3756
26345
28366
262359736
834117768
389538460
4728
781
4728
724864132
3110
719700696
25688
25688
2452
354928596
396027633
955617670
535258132
971
26689
68476
4330
25688
163090233
4728
524771272
686364694
2000
4728
25688
4728
22335
94974
4728
3110
3756
423
876974411
4728
53958
784
25688
4728
810894974
784
25688
114535288
3099
65723720
2452
129429
51376
25688
61092
831269538
26392
4728
240412627
25688
14135
11826347
4728
51376
13834585
48833
4728
339733860
444560593
3110
528211343
51376
508212088
900150010
2000
362534181
25688
585795755
1474
3756
4728
1474
115417930
439977823
157420503
77064
83786
25688
2000
924768
273461583
64435433
2452
598146456
89998723
968020875
2452
14991297
4451
782758982
895514214
205504
2452
42302279
2000
369975417
593340230
4728
2452
25688
2000
86021524
4728
320
217378476
971690503
475289497
4728
596504965
705431321
25688
570104144
757953325
25688
25688
844998134
4728
501972310
930054599
4728
509558749
559350042
41313123
4728
25688
698678817
25688
543188686
650611248
26689
555887820
28651
831594418
25688
4728
423
69966
4330
45923445
4728
19351
25688
84136632
2452
96563124
290454216
38660
13921
784
784
317536054
303588601
555900583
2000
2452
530200320
423
930054599
3756
796646771
3756
274157862
35976
51376
97693986
35623
864128796
157107808
815771410
652963370
338027
430087176
51376
31554
47229
423228788
42306
11358309
964136112
897569116
924
4728
555579603
4728
859976904
538669326
25688
2452
606892276
2452
3756
190459892
441978072
423
734186057
4728
3756
4728
2921
2000
2921
25688
257260449
25688
647863715
3103
4360
149289937
83364
4728
1474
186416
25688
51376
105523517
492590560
2452
25688
4860
567541884
383623740
6686
2452
4844
845446287
2452
782083586
4860
2452
342370809
115470424
764116546
4728
4728
786679640
40781
2452
6686
926404367
3756
3756
62726
2000
902768951
129688419
423
2000
3110
820330173
2000
781
2921
250218404
77064
943439073
252954
646507385
962461136
4728
3756
214832973
2452
849087566
383986888
82833064
465838577
4728
3110
26395
204401805
48833
4728
28296
3756
10221
89076061
752671604
3756
781
21479
1857
2000
102752
100240
187678291
219240
499
59191869
2000
4728
364443355
142295
57776310
794070709
247144248
4728
117286193
4728
789943538
4728
2452
59549
4728
25688
25688
183337503
377331172
25688
2452
85810684
2452
25688
46826
320
457465939
3110
797198432
3756
4728
4728
26392
816097046
11836
4728
3297
652503432
702227541
4728
16959
451148013
2452
114356
3756
309790066
3297
2000
4728
77064
51376
4728
19351
25688
5962
25688
983205554
502514328
25688
43074
905544586
178412422
25688
3756
976679731
3756
3756
229248
197366952
4728
2452
592597478
82567185
275652
283221
56698108
227390176
4728
25688
4728
330604560
1491
781707248
3110
423
25688
25688
94834850
2452
4728
25688
874696168
303511805
471218097
4728
539069291
309265773
25688
4728
677587273
358227895
4728
636664264
3756
87444781
60281
4728
80690170
25688
2000
2921
433896008
650591582
18799
934524222
139
500466108
504168243
4728
822058018
51376
35749734
14709
72128727
542299582
206933498
4728
320162071
259147691
2000
2554
734306169
3385
25688
181599124
981238229
25688
4728
423
128614712
117
92635
320
641341318
4728
25688
4728
49036
25688
134757276
194585541
551022971
67401261
241507
3756
4728
147528
784097917
4728
2452
3756
643297759
25688
2000
3756
3256
83201158
752654116
764171451
2000
4728
257875378
171056475
4728
790282604
2554
562375329
1576
871437320
2452
4728
51376
144975
446907651
814819027
125889582
4728
819599461
19125
93
380846997
781
320
96620
641257748
51376
489619110
39407
261322514
930475713
637258346
197723416
2921
781
4728
25688
621476341
824719100
119992001
781
992136512
2452
3256
4728
82695849
952839826
3256
423
629787642
841519411
910829105
423884287
893153972
18799
174364676
350234910
2921
3756
423
4728
406821094
1474
4728
282557129
4728
4728
708572401
784
4728
174208
553037693
4728
85810684
4728
4728
25688
217801343
1510
14015357
765848836
17735
3756
914342733
56099
4728
25688
25688
83456723
805573857
183509482
816916415
256742595
21812
41905972
689770276
862429687
2186371
4451
784
80951742
826425791
392582082
25688
233146615
781
131554
92110702
354928596
13812
170866569
180435095
77064
51376
4728
353135039
4728
18021
740372303
391899369
3756
3756
34983
401
14237269
167507494
423
77064
629831468
162243555
51376
102752
25688
4728
784
28316
576237036
76368
833019174
49153456
4728
18098
874388727
25688
560888858
4728
260815256
25688
2452
445040608
776834643
3756
674715449
11651
75196
536905873
479340443
4728
327405319
3756
366893396
25688
340171109
2921
539005262
1437
351617344
1437
3110
85521393
25688
282890852
784
942273192
831295922
952562668
733950328
4728
709892233
811478303
4728
172644
598430209
82127
4728
4728
4728
4728
2452
946599848
781
25688
51376
2452
856928448
229818454
3110
4728
147090774
29130
485765281
2000
799048031
499
208315991
25688
429195104
25688
10692481
60546616
763114623
2452
731704030
680140695
4728
784
264299
774262008
25688
13921
480978669
2407
852718045
423
2452
781
868426168
2452
315774666
747070325
47220
423
4728
25688
77064
430147832
67005
807784848
3756
806478473
713901231
522584569
659715387
25688
3756
885207737
187333749
428830013
185832
786558039
740690602
1264
818274198
735882960
576728243
3756
4728
26392
212924152
715946506
193958680
2000
781
35508
4728
276041467
688033397
109675
437807650
148994
142743884
4728
980594482
2000
4728
4728
737324978
52832
50477
3111
22957
979493937
51376
168396328
988479388
787709181
566116873
51868
276906387
36309
594850937
1474
617986994
429958405
4728
52784
56349965
15636
631332817
499722647
477131837
423
25688
51907
396883978
433981361
2921
116880400
98393382
568717418
2000
25688
774472404
560024088
1344
4728
471277
1474
710154272
70584282
3756
25688
25688
26689
101084
379683131
425584
4728
634531149
4728
4728
4728
500819871
959443550
424211632
432971247
404082337
134781534
2452
1474
4728
2541
25688
224997828
43698
768894820
986221114
4728
51376
55859
401
139
252276129
460495922
4728
599531094
439977823
378315657
685638408
77611954
68026
781
138357604
791886724
742190716
450728727
166414163
984477507
25688
4728
367031149
283645394
825901483
437127481
474354608
4728
4728
114559493
25688
138477680
600846656
907297847
2000
423
799128066
560024088
765553391
686204571
6353
54991
25688
702541448
3756
2452
3756
1251
144
310099300
11629
574236960
524305194
28462
4728
161923
673573968
561489800
25688
1546
27144
83456723
4728
56488469
