4948
26099828
4604
36974
4948
81768
4948
13273
4604
353848
12271
4524
54161
210764207
102973474
1913
20708
35240
202562
159904
4948
27922
457910373
21077
190998
35240
4948
420974043
1033
4948
23709451
16894
371
565501551
933220552
413519745
413684929
64185
1886
1886
614
4948
21467
2727
13297
224792417
565140645
4948
507603467
4948
974907223
37945
58096
2333
41175
2661
4948
568505383
4948
208644
64287
4604
329893
267123018
4604
9529
3147
4948
286708103
4948
300743506
356351003
18159
8967
8030
272034025
223869
198158
1913
105632310
24771
4948
2485
203746678
906789475
195839
541
481614564
483593433
209059697
312187995
988494726
66248
4524
4948
879104694
4610
4524
30483
4948
7025
29027
26824
4948
81801262
4948
4948
126803248
11599000
26307211
237562046
4948
3911
26735
9579743
4604
509101
131388877
880686
471457663
55843
775736742
595
4948
553002030
4948
2532
300669963
110201
1865
238018949
20625
617266204
4524
4948
691421299
4948
5430
2299121
595
398487375
312812257
23195
50412
4524
682223336
4604
4948
8004
4604
912522828
67990867
110745
3665
609373319
212891826
4948
97137
810368881
994200881
26187
3625
37658
1976
626587228
268581
4948
885746239
4604
507949380
4948
371
4604
4948
769800641
1974
21963
4948
23830433
4948
35305
54352
4948
20633254
86688149
24520
18157
4604
705811523
6851
815953121
4604
30742
4604
232255794
4948
4604
805446315
4604
83112
21717
361587268
905225800
433037633
2179
68258626
157602980
3728
4948
184037
1261
147354
29965
24942
288806008
88618
21702
4845
4604
214404
488525740
3911
893394371
4948
720267058
4604
848139045
47291
38764227
4045
593483260
4524
848271029
371
4948
152600
4952
4952
3911
8292
22853
25853
2846
3911
146684632
4604
305339266
4948
4604
403335
4604
112258379
4604
4524
1886
4948
3759
124737
574894446
3626
24773
4948
888394099
3626
18836
249058
4948
28655
4604
415107
4952
5422
9980
47196
17300
421264947
3665
803423960
809668794
17512
483426435
575886786
25950012
4948
4948
30628
4948
91303322
102736
82764191
4524
4948
467263505
3911
554225248
57295
693928825
1278
3911
727420998
3911
4948
23757
27968
4948
30019
176055
31264
525646030
1271
11468
4948
488600107
53063
23545
610530923
4948
95697
4948
48804
593836337
850270565
612878471
4948
730126577
4948
15115
378047
4948
470235
4948
4524
324238093
194208791
4948
5566
4856
106645983
9698
42391
4948
169108167
4604
893107357
989700194
4604
1886
15869
262263932
3005
30646
19594
289299992
1271
64041640
133943
3911
346342868
11575
1271
87787
127133832
15802
384998102
4604
388947972
12068
30120
4604
4948
4948
329
25624
28010
4948
153669459
2047
4524
575322324
541487316
4948
37579
815224657
759912134
81834
9359
4604
4948
891425269
30257786
595
595
4306
32010
812809499
9590
190166453
818676745
322095347
29675
57478
39279
2532
148988
973898712
6158
28876186
4948
32553
161487
829964071
4948
82649
722380204
346004123
32829
302932234
8413
4604
4604
4948
859068182
4604
880083194
112403224
4373
7251
42615
4948
4948
52827
4524
4604
20034
127843
3147
59461895
3055
3653
395394
207396
4604
4948
4604
689825793
4948
3911
3626
690247861
4948
19904
4948
309130
595
242627
1964
439736998
9381
50438
24039
4948
606787064
428015368
22458
14173
16261
853309428
4948
4948
138814181
55294
4948
75665450
4948
4948
3147
6829
4604
18550
989172774
673556154
23606
137669
4948
4948
92482517
28203
45786
804734625
4948
707
701003009
4948
57713820
4948
140002016
230901
18813
212305
4524
4948
780104255
111839
30111
41735
76926
845880056
572317448
80187
11061
43477
4948
41713
612
1913
516821198
71554209
4604
617462805
123879630
36306
110937
4524
58056
522514603
29789
547022570
122115
4948
650834353
94222087
18134
4948
20577
4948
4948
32010
975351328
4948
654627679
27001
20034
555671924
414394632
28391
31340
941632690
120204
4524
4948
4604
149948
4604
4716
21333
16654
20401918
355856906
4604
3626
29869
4604
736377977
99014
189952367
1886
16342038
937774231
8964
1886
842732635
4948
964871937
18488
331635
4948
29938
444587528
3626
4524
275989322
539942480
76926
148003841
21025
4524
10543
4524
604096398
321844
586082359
4948
4948
4948
2483
4948
66618042
732639295
32434
4948
4948
595
117853615
286640304
18775
22103
4948
326861
313416572
4948
53123807
744289613
4948
5805
880
4948
20034
4948
26833
4948
30238
4604
466169413
4604
4524
338870
4604
675988518
466164047
933446774
3591
4948
30281
35424
520001100
3626
627913767
3626
269795586
4948
4604
11518
135917715
8845
1886
687517259
14221
3068
7236
162853
4948
12781
26260
46388
133943
507927128
595
906561839
15515595
595
4948
4948
4948
23968
884335639
4604
23171
20041
393395751
676181686
976281298
257831817
4948
661560290
6926
6176
89276892
4604
284650273
14154
4604
4948
543575416
27227
4948
895513807
12894
49545
363733747
512025
151330900
598780166
140806
595
3911
3147
220061827
4604
45356
30046
15771
323
23941153
679725688
51436
115
4856
315966
38279354
989159028
362289825
293242664
215224496
9908
4948
597370013
801991553
621177019
4604
183631015
629680574
4948
5138
62306
22909508
1549
2304689
266910016
4948
94792
73763882
4604
154367423
723251866
1355
4948
888344112
69621542
4948
4604
318085872
1886
954936767
32634
60102
437367957
2437
40485
4948
4948
5635
96760982
4948
4800
14430
15101
247889101
4524
4524
721300772
542060
32008
915659396
300297
595
18774
9418
595
1549
305863666
27842
4948
389788
306262
306932
4948
787985237
912000998
584682
111368
4948
55684
57521
3626
4604
4948
4604
377923
278420
27842
4948
49136
502388
4604
916131005
588794
250578
595
4948
1886
409720
670190550
4524
27842
4524
83526
27842
851923734
1976
7301
506654604
55684
55684
4948
258719537
27842
55684
27842
4952
27842
4948
4948
476497
602017647
566428
4604
575929480
576191490
40506450
27842
29840
4604
27842
53530
4873
4948
472393542
435490
4948
24922
550661619
4948
127306396
27842
27842
27842
457275126
795782844
966159210
23484
4604
382538276
694289
148110270
4604
55684
310861400
3147
20738
55684
392000085
167538561
85817925
328718434
3911
83526
37483171
4948
347249266
4604
4948
951114299
3911
3911
53530
55684
40031
8645
41881
55684
4948
4524
1913
501758276
83526
1913
4948
23606
4948
4948
409720
27842
465872202
27842
4604
222736
3665
561874234
27842
4524
277758773
20738
293437660
55684
153262
188589
1865
55684
3147
95726071
27842
595
586240612
29840
570414067
135039
457109455
27842
326067055
436497909
27842
945
29840
4604
4952
805847908
41476
27842
111368
1810
318030914
507286308
4948
4948
647270152
83526
580967893
1002312
3626
599725265
580499584
4800
689226848
4948
4948
53404
446616538
284190751
111368
220323122
4948
649846038
65589
4948
4948
29481
27842
55684
235846278
4604
526720263
4948
278420
55684
4604
28836896
27842
4948
352963877
891701004
595
595
55684
9961
31451
589344397
223916414
4948
86446921
784390261
595
459399675
963333905
439898394
4800
4948
29840
159545
27842
324035421
236578
4948
4948
645164781
116417429
248251
4948
360111642
4948
3911
83526
4856
27842
595
5846
2160
173329368
4524
4948
1886
5089
165167
248597
4524
27842
194894
419891928
29840
55684
660883633
4948
111368
31046
55684
627642284
55684
3911
194894
878153161
27842
27842
775094366
233622960
371
682744239
4604
4604
40772
4604
782575675
4948
2047
306262
1913
27842
725342957
4948
1913
635343371
763632669
4948
246324099
4948
595
36449
1886
733319057
4604
4948
91428
27842
870421220
326970207
4948
580610766
4948
595
4948
16282
4948
57192
233174
947933967
2047
26914
4524
4948
152292659
140111839
58126
313882359
90393751
1091
163660672
4948
990194329
972377054
1913
374918349
1976
14513959
753938423
4948
193250
4948
812223827
55684
2047
4948
436236246
27842
769712517
940198962
525881706
3911
37005
4948
4948
355806088
567979830
823374057
255056221
27842
269718477
657495745
55684
681014057
4948
204406706
22841
4948
51303
3525202
40982145
422477035
584140128
519378457
4604
27842
149453
212780
27842
27842
704138939
1429
4948
55684
64091293
3068
371
190712589
27842
3911
425047134
118570290
4948
4948
343144872
565687444
4524
937757915
55684
4604
686827280
371
27842
27842
774131280
3665
4948
27842
217891492
4695
4524
367171180
202001760
4524
803195823
74834292
795046194
139210
124115453
86662767
924874225
151995400
31265012
141619815
55684
640839314
62111968
4604
2275
770758112
510197825
603557142
4604
936082329
72697
4948
4604
4948
27842
4948
2047
27842
73596356
821415682
11829904
4948
265842236
35827
39257220
27842
27517
4948
750820414
562835644
595
192599095
8989
167052
375410207
953332365
851758165
4604
4948
535606
1913
439403341
477414648
543295107
12965
27842
919987885
595
27842
31037228
595
149085269
55684
4948
382712348
27842
83526
642800944
55684
12664696
4604
55684
640839314
283434275
582089327
4604
875353193
27842
27842
328821519
4948
4948
491879395
3147
31269
447113570
216854589
1156479
4524
4604
4948
2655
283434275
4948
384644221
4948
11468
4948
1886
740173524
94108
4604
27842
4604
4604
27842
4948
326927916
686844863
24695
3147
609059347
677351724
4948
1271
55684
4820
886719075
4604
640839314
27842
4948
3911
47603877
686827280
4604
4604
224503326
4604
55684
1886
1886
4604
27842
668745525
4948
1549
4604
599433107
375410207
23391
4604
2135
46745985
467305109
4769
422325398
40375607
853521542
4524
4948
27842
82317
146039235
96573896
14263771
267467
222736
27842
17513
1976
4948
27842
278959213
60499200
769839936
4604
912904429
4948
24985
299865506
81461188
41667947
4948
25215
993448146
686827280
4948
743439221
277638912
4948
4948
428376111
4604
55684
346766362
595
4604
122535735
434244190
4948
84508452
667881655
20961
4948
776337505
640839314
23809460
27842
674128099
4604
22189
90954035
104758691
15484264
27842
429250066
4948
290646
4948
636910591
566868550
872472492
837844261
4604
4928
3911
10171
156592
4948
4604
751250943
217658067
4948
781853529
4948
4948
42011616
117834785
2277
32639436
14866
193784
4604
296694712
185396205
371
27842
24435
482460156
4948
3911
4948
91748231
4948
830759373
686827280
171955061
640839314
554195666
4948
300441
557404335
4948
4948
111368
27842
1913
104000530
198520614
4948
686827280
280649894
3911
27842
150888
474557724
106132169
520257269
27842
557081578
657987388
354425037
22693
4948
4604
497486788
55684
196493377
4524
556751376
444393316
4604
783160413
282411868
4524
372248
4948
4948
3911
686827280
83526
4604
55684
4948
5089475
27842
911464645
4524
781
363431713
502602016
76558
400637613
4948
28374
17261
702494443
41321
4604
824729624
4948
153630027
38297649
4948
50269273
265903705
4524
38313
4948
27842
4524
198352339
4604
3203
365150354
472701476
351398506
27842
4948
19134
328856943
3147
4948
336227093
99659854
27842
215428048
253441512
424225308
284757624
3147
686080502
436236246
30551
172780112
103855641
75840791
4948
313890708
4948
908219000
1976
81525782
963062499
4948
8380614
201686832
4948
595
184703142
595
4948
4948
4948
3911
212253966
4604
163462573
819630954
4604
617965895
4604
23391
686833215
27842
4948
711047854
95313
365422267
1976
422174074
344630921
814813548
754179413
4948
55684
4948
83526
27842
910042757
137803
182851281
4604
61875513
4948
438038
156945354
606072888
4948
60260293
291006224
4948
42577
935319768
27842
4604
4604
520731992
4524
1865
174410804
268133
728051892
640839314
4948
54450420
4948
3147
66214
22312
3665
83526
795490093
4948
4709
4604
27842
4604
3626
4604
225182596
4948
640839314
903640300
3626
55684
52359743
27842
705845208
238185798
156550090
4524
2277
924273589
4948
4948
275311998
475606322
27842
27842
10156530
261517680
695691494
22634
503458555
78600395
27842
172006621
649303282
910109486
4524
4045
217719738
595
248879708
183519118
95346949
924133228
322578878
2727
194894
27842
55684
2018
4524
184607970
47897
902761428
20920
253310689
320744845
472673634
28767
671807757
3147
495716529
941303719
15600701
4948
615280141
4604
4948
323570099
83526
4604
30019
27842
629100466
4604
427080710
640839314
752845941
2727
569162161
4948
55684
55684
292097727
443794980
320799942
950968334
392137
178969008
701209943
218018421
686827280
168287592
4948
790328327
256688690
87624720
4948
94101371
340409
2939
4948
4948
2514
4948
4948
4800
4948
26950
534018159
354026049
4604
4604
957852758
66
4604
590260814
27842
27842
4604
686827280
13189
27842
3147
1886
550523520
915501175
4604
809078948
31646686
200330369
13189
27842
894523373
4524
4524
33808217
640839314
13517537
4524
4524
4948
27842
1913
869147273
4948
4604
3147
140296
932340039
140296
273238593
635824930
3626
656764938
304531
100204315
3626
3626
278547840
128021352
398457184
245040831
103855641
16969
582876141
4948
1549
687075184
4948
333186078
4948
295938483
1886
359830017
4948
243060380
686827280
10604804
4948
768852584
197327133
4948
13189
180320225
15779
530423396
1320
27842
285472
4604
16155
864546590
875764798
107927436
4524
2047
4524
4856
775496025
413969280
669414729
299075679
81727
4524
4948
27842
4948
504712030
3665
146224428
55684
117155385
16373
595
4948
466009437
1886
213950826
4948
4524
288125163
251818802
4948
512918193
824746764
27274
671568489
352379964
27842
33364
103855641
363128630
4604
401245221
2047
2047
2047
1886
7560
771897141
1913
4948
55684
283756994
4948
4604
4604
4948
969999115
980895082
375410207
719409262
4948
442905692
313890708
618461713
911133769
217891492
7620
417379146
27842
8967
453204255
728161451
473141222
27842
278545793
3068
3911
3911
238015954
4948
688209015
195029791
530028602
625616364
736140862
4604
803764695
4948
674902868
3147
672460937
811487306
245379073
4604
4948
465624597
3147
959624290
522322499
4948
387236649
2437
515764738
569452426
4948
4948
157735656
235892920
448198552
383822424
282857259
297216581
492678478
663859178
162605348
777397142
594034777
522390735
614012498
4948
595
188956068
4948
569452426
425321355
569452426
647730467
1976
4948
569452426
4800
383822424
4948
2188
4604
723808674
623377782
560745478
515115338
515054906
812384206
580968795
609218155
76980779
641632437
102691045
425193840
168657790
342782682
890385667
4948
28593
404023662
667360937
569452628
651085348
4524
470264103
4948
4524
1886
217390640
638593993
140660499
569452426
2532
992091989
4948
909839864
13253544
4948
709663233
213663216
599496713
446022964
567332456
3911
4604
1886
757168649
353878225
4948
996359364
140660499
1886
4948
713239438
4948
319496650
544200330
641423357
4948
873994537
348837220
658341164
708276715
710112925
4948
710112925
773329365
23979333
31547851
569452628
569452426
553473091
168885639
405448607
398489482
568481118
614582942
3626
197021149
595
468128063
133834643
821576557
402718112
898541873
4604
447803200
94051653
593363051
922615165
4948
2047
569452426
909904609
77238603
4604
122434497
4948
4948
4948
238903492
770191377
35940241
4948
607113807
866498880
569452426
569452426
498182428
595
647730467
369314158
3911
721218904
893579728
527256954
801636170
341371854
569452426
276268704
607585008
285544333
710112925
717230257
4948
326709444
4948
675305006
569452426
678270686
140660499
645868993
530495379
140928191
710112925
569452426
62783215
1913
972454946
4604
7629315
4948
69301243
525872835
214659453
839482701
4948
117747910
4873
920180470
4948
4948
258728973
775060666
695526865
1886
184900931
569469095
343993672
328076460
839482701
784406729
748247471
782990967
425700587
418152770
1886
45767483
279837261
763301187
4948
51539208
123219591
534100882
4604
1886
250232410
303969200
569452426
611532970
178848804
407844473
838552855
458597166
194933700
416587086
784957911
541607942
763601692
4948
1271
510839430
285564003
447184392
357158388
616591109
281265126
127608864
2047
867947500
371406027
619428988
886135621
4604
701417340
382430194
310964249
332729404
605715763
22861
795808260
326380499
965705719
595
265474235
569452426
656062273
775522335
40235200
595
734722956
325500681
157876707
4948
647730467
739996322
871310418
901093581
669549408
995329202
411350736
569452426
481837261
218682382
959818095
931647829
709841192
741789404
569452426
4524
569452426
14792737
3911
4948
569452426
100840653
707883934
51494
3147
4524
595
598845671
361631714
4948
723342647
2596
4948
1913
980267447
4604
4948
140660499
839934760
140660499
602974893
790966994
150928655
595
479194231
24004010
4948
4604
637294331
169825231
4948
371
4948
4948
92413269
153645044
721029222
4948
512791895
1913
879460116
528299863
525614421
4948
4948
4948
14066
589541931
569452426
1886
258238974
4948
344149974
755275606
4948
123426886
597923002
4948
398998977
7209497
4948
290166978
187126755
140660499
4604
4948
297216581
4604
4948
595
4948
99379614
483626518
4948
595
170607785
4948
4604
206532526
4604
4948
281320998
404583262
283744469
587784848
300043554
253014424
41958323
740690962
252426269
1865
3626
1886
669725448
594433162
4948
850773424
788572321
711842108
434757394
492999112
826344197
715678922
637579892
357902907
1913
404569437
970839560
40318081
965230398
600189266
4948
4604
4680
566425382
4604
4604
535400276
907947490
386255757
4948
650191424
569452426
706559689
3147
569452426
219953282
1913
4524
4604
3911
10822
369402869
2047
815749808
279827567
4848
57380190
632731161
4948
12517236
55913181
4948
525675871
581912344
4948
1091
491579064
900584044
4604
4524
4604
929735210
544158121
29544407
4948
843877141
4604
207871191
836740492
95780226
334164617
268352269
1913
353878225
4948
912205237
485992107
4524
140660499
362864319
96026835
42536288
4604
647730467
4948
500501066
4604
31912324
892316311
927421143
341460832
767392317
2047
559655134
833688380
859790473
793560210
915935969
569452426
18921
4948
189938226
763101430
667085464
4948
321584025
520631115
569452426
4948
761211027
442578047
4948
18605159
569452426
13222709
4604
882559162
2047
788572321
812223760
327704636
98224934
4524
479851056
647730467
4524
71518259
29422790
595
85382023
569452426
63747927
4604
1886
30454
457241865
3147
615860283
4604
3147
466966117
569452426
1271
649742427
354854751
118150950
4604
3911
4524
382495987
943392506
4873
471523462
363098031
912549245
874469628
510045873
4948
3911
710112925
4948
149195556
257606987
4948
