158457
208025
521663325
521141319
22217
11762
3159
580394
853401091
347043031
42338
12707
288873
112948692
640231848
29352
334892484
853484375
540579125
6602
41885
201776
631479004
68294
30682
81543
173697
28676
556184540
28333
101010
268722805
6081
268717674
32669
261713
893703099
47714
291910882
27398
251557080
296594
59271
20570
108868611
134705904
259216751
2186563
2770
1650
739784189
25312
876642415
578251091
425097996
4199
191281155
107470
135707
45625
8862
425131343
129491
534216633
618220847
49227
124936
42907830
116999810
781277552
36743015
53832
47615
4435
471227
204288
25146
20988
47052
27098
12268
933123412
525676608
14784
16780
828712998
254779320
521385
3370
888936271
757917268
60857
69014
21018
784901247
48085
63317
771524961
74735532
890191729
12991
905326910
972944839
293154
631667907
595062481
536735511
471744173
522246412
15162
16709
482449626
152158547
6737
14307
910664136
152318496
236891296
486564736
464303689
236272
498457299
20792
577327130
31770
66321
80974047
992903833
851859322
31547
287926522
360108877
732265342
32500
29423
49761
41122170
24647
55153
172300533
571774429
36332
9933
32082
6344
44715731
760876066
41060
303027997
18086636
32414
828827808
88310730
438136425
42696520
88111
35697
536862429
2371
12707
939830
219005345
45415
88203254
88374778
16684
838674220
26193
945312641
122572506
824884320
18347
635533656
3806
108846536
839188
32459
525480047
392775
204142243
20812
626033831
68904144
650538184
52568
23484
611786105
503344463
41562
435325221
29707
262317190
78687
111165961
26253
208908109
25352
232235682
272929834
69253
45874
100035
954127559
970653248
12483
608236239
75667
22796
375221476
282630649
7569
45477
550761564
560835
396164611
980117724
432652766
31101
895667611
189130440
336784837
40941944
102267664
395999292
72600512
189385640
94717030
851120348
856416789
295268866
341765786
15872
14548
27524
771831002
508731
255449679
400939383
10148
695586050
310794175
162353887
24331
337196161
69574426
23271
456840374
594506604
40749
343914246
4091
15392
655790649
940835616
50875
22002
690957537
214961145
115732584
553388441
25143
235052
427739050
444079143
182141503
76578186
209381
683881914
96681711
57586400
372607
144498
850647805
535857092
236108
684361013
68566
81692
58239
478041619
652497061
53278
61615
64616
228553700
184357250
128976
372197
707299645
33109
846888403
812908564
843189624
569651486
299367245
36748
735593795
35842
235286532
26750737
746558434
530729923
61463
28299549
33320
86556078
337970033
552800036
56210
23313
735550801
34960
38817
616508985
541086
596409767
37967
829307670
136656
126399927
319532227
85597084
246062021
80301
275127
51182
369011175
973017018
130598
36824
52055
586434862
658911182
86462
154670
545349391
797230548
50087
273452786
290410072
365689490
4485955
70681748
34680
180393
857274649
618806256
263249297
331528703
189133607
100317
775144080
943218438
229541990
59823
725663741
419280464
176637
53164278
883549528
393160890
98275
779560
269243372
24758
91260
918512790
154110070
44985
42551
56055820
744426142
397509755
47668
772171943
475186997
348757752
593527064
100582387
330925696
32824
733251
209458
968217577
892604564
653833093
172732519
818020844
465527440
732187841
254213521
386667951
57915
146543285
111959
454390012
831608984
381862818
34911
114930
1331943
143371172
60060
381678679
113625
323232416
276543237
714047675
548323778
512134057
588432874
759283786
417305566
134347
701215369
46837851
37543348
209535524
194890
967306353
373852213
885664145
60734
652756461
751094562
907706610
147800
38737
695269568
467123667
583411869
720198672
48068
103628
97900
250789510
406240697
72931
284578093
84950
759525750
882631571
220551202
621234453
94487
276655076
337879539
322364
543798156
826070876
5934
719750265
586901678
99452
65512
560477909
42212
649924772
55442
57609
521281395
686789469
424828186
42942
633935567
505061
831569061
57606
23724683
51747
363251
36950
757541841
284031
100200
472473
694637255
611480531
311166191
510293
632516389
745048454
92427
61726
329925795
11074
564798989
913720
659095608
150921
207013549
52659
456206142
267166677
70331265
58171
844879285
19451
310037
187294610
77520
42028
105918598
143885811
983323227
88242
883566165
152461
421341
586691
113192
481676372
86215
276960557
829195536
25339562
141002286
27164
881436748
284678085
61706
68042
842168132
107434
311883552
98820
62223
52976900
721669603
51925
313331891
152461
1608594
38539
811667193
749121971
41546
16543
165430
16543
198516
115801
862705148
451259954
451374829
194837
676711985
16543
206569943
33086
680146998
380489
504712303
188835623
16543
66172
16543
16543
48443280
41409031
33086
446661
377207363
694351379
66172
23110730
185796189
359381915
682428885
694965974
401914304
195120389
148887
49629
16543
485811483
33086
16543
472287745
174676535
599276406
16543
16543
16543
204659177
66172
922903459
544953809
103211777
16543
509027085
330860
148887
51858319
941406209
16543
16543
801757956
5644744
101599146
71243
82715
16543
16543
16543
154710589
302703440
681397140
16543
82715
904749010
49629
16543
16543
264688
743931924
956515974
16543
229979466
718065458
40213107
16543
49629
132344
16543
16543
684694411
181973
553828098
16543
312495299
780991191
16543
603911963
231969018
16543
132122063
52020
33086
372498227
16543
473503363
16543
33086
16543
16543
601316726
16543
16543
16543
115801
819989225
16543
910600554
49629
137653
251377661
549627835
971118474
16543
535590672
16212387
453392898
49629
16543
16543
16543
474370525
483170333
519900054
987370919
16543
457137825
916835428
831030796
16543
181973
253875013
776347923
669054099
282889068
383996333
723604352
177263871
233871175
303898940
33086
865728432
16543
16543
61825974
16543
840072008
303469027
49629
232072669
671827523
630029131
386853
33086
16543
326560760
198296483
33086
33086
16543
546099855
540600364
919961785
768491063
16543
33086
129293441
530136053
33086
11573
33086
836169149
370538976
93041081
16543
826782128
26010
29004
36210427
49629
16543
281231
707155
16543
916215018
60779414
60832144
60703534
11226050
41336
269024021
16543
181708961
16543
33086
123240347
16543
98219
994279361
248145
16543
49629
49472521
248145
138203484
529461806
2694
164297264
70788610
148887
16543
200863918
474519412
604498491
105012
36795495
16543
49395213
33086
184082492
16543
16543
16543
36800735
489550905
610810542
103112519
950014816
64858456
16543
115801
118067391
939686267
780041406
803983975
741337589
553868798
588848947
185496288
387848752
976771189
16543
16543
66172
16543
773073962
16543
16543
879153225
490510907
83674494
563711224
935241415
16543
168133643
682561558
991915050
473072951
238018506
598665964
49629
713486925
567157171
849822880
528383420
408505913
727139013
16543
16543
576741192
249867341
32709
35214
98904
1127725
969068903
49629
448078780
16543
82715
99258
16543
49629
341169535
910162208
32142
16543
495092888
57489956
16543
349059
23698
866950761
16543
729055682
25412
16543
707931643
50639776
932499209
347889722
414968072
757118827
85020
16543
364102411
114229415
379087561
529922233
33086
539064968
650211697
228739253
35004
16543
16543
24550
38993015
851062554
38321
14193146
34269
824984961
29010992
16543
448170642
803037432
215539756
49629
420165169
933061477
442849886
624761438
643621958
760158365
205581562
16543
63007036
52856
4553882
316498069
994195677
148887
789417404
941647330
16543
151581314
179476
49629
175091354
16543
63622909
42214
532406883
69351711
314832336
16543
340786520
710633751
16543
16543
86389689
3148941
165430
675063635
105012
552088550
111553816
246750589
846441737
22518
601555789
931696507
17526
66172
19568
399728
35498516
81462848
948955028
713536514
33086
406042875
995500193
99258
33086
16543
29566
981483580
650141147
16543
3189641
33086
283536146
41056
41604593
350473709
16543
475520315
52366
20528
72367987
321638253
16543
958646724
135108
33086
16543
16543
242735439
16543
190003459
16543
16543
163676442
201063
55985170
16543
16543
16543
745349076
33086
16543
475449857
643066604
773953752
49629
148887
49629
67554
688073966
988800029
542186140
415491112
99258
66172
66172
950121600
570604981
677121757
481780088
16543
275009094
16543
209280371
202662
16543
321810979
174561181
914867887
186825
54227561
867383590
33086
715406822
545966726
44039818
879135935
16543
33086
67950
794499471
53989005
49629
1347
669186155
155871897
832036645
66172
131084269
45036
10878647
654769424
659960510
45712
350481
147063562
16543
291496722
281231
223375351
36406
16543
79897720
366448573
254690018
68117
422566185
387123789
80249521
33086
58626574
330158866
33086
741417190
16543
218924744
16543
16543
128373680
517988851
33086
840909050
752462382
33086
831706506
316709076
416522648
25582
16543
153309076
419209970
137240
259252243
33086
653611919
432135703
16543
33086
134668
49629
33086
630270472
494684669
696748270
57166
494714401
815255599
845598462
731260641
867814480
156551589
150152973
427572158
531559676
986658994
485295225
22436
20528
254515
89355884
333611404
72914
179326120
101523
103673
354236890
453938
287920132
572495
321810979
17682
179670640
712649790
14577615
57514198
349345988
16543
416172251
720475751
1943011
490102190
751184420
33086
16543
60758
1347
122920
43144
232001747
16543
41056
954543210
486065450
602644947
170746575
16543
16543
22518
58453
493015776
49300039
33086
488615266
779360537
486065450
347682
32811
304012
359757958
46701897
833731117
636437717
15695
921851789
16543
245204766
833734114
509903341
98993782
538653078
132514160
33086
499996
909970748
439877112
16543
431278435
370007421
46083
129149667
568899556
414283034
779140899
89655472
845331080
440939228
87450524
66172
171159495
439962390
780159292
595050675
86046242
33086
136662
16543
57543
452391586
104280
16237
16543
49629
33086
45300
16543
16543
2694
33086
851495107
200881649
16543
41056
237169845
33086
16543
16543
894044437
881097128
59925763
539284366
22650
865706206
115801
677812542
33086
564454
76971
25657
51314
317176
220838
103647352
667082
25657
235273
489473826
496669
64068735
354282698
457680408
373300
224600
25657
25657
192811411
948781629
674614782
76971
951921707
377207077
25657
377262409
51314
340723166
277611
251514
25657
322109926
445055579
738115
405380
76971
25657
25657
25657
153942
25657
675895560
153942
820014133
510094113
76971
980317688
46750
266959399
820023138
968786709
53066
151262298
370795
159198
53066
53066
566425541
169085635
758772731
53066
616757
1010901
831560
231842470
415744625
1186544
53066
585873596
918456670
417507566
258136687
1350357
235124472
117142999
53066
275530092
53066
74159
439928763
666260104
217141267
353374559
106132
315575975
255631522
570043133
987059339
53066
828394666
359506656
74159
53066
381118456
923457859
991004698
159198
552165885
2843633
240806
89139864
278279210
895190285
1325986
767866835
152532882
1757365
930930414
273300062
618725168
895596387
815749
53066
779190016
53066
106132
1353220
53066
53066
452567612
53066
742924
472188899
207826653
335558886
774657442
74159
53066
111276
53066
115934
212264
235190624
346802329
106132
664522336
74159
74159
79327443
532654228
596952042
146128
53066
418117321
79011888
263266440
53066
106132
992658005
74159
690499103
159198
53066
494545660
159198
943376794
742924
53066
239585236
822652796
852367031
53066
238951756
502256
53066
73064
879570571
38918367
718301
106132
74159
674892371
368077712
18964
221066404
222477
456534158
330660
159198
517093933
53066
68635950
147776169
106132
53066
284318968
304214651
219192
47618627
53066
354084888
384826664
53066
53066
53066
129105
628372242
528227455
621153527
784384430
972506432
53066
596499053
53066
106132
274213200
251365321
168600
53066
598583504
221991489
154611461
415240939
778881413
74159
212264
899251684
438205
74159
53066
74159
775286338
73064
8607
53066
53066
281509460
306897570
747967674
53066
74159
671628024
100082574
690214465
106132
653361186
53066
255849930
741881065
53066
234592145
53066
536706699
53066
53066
985022979
621920690
575549456
74159
879480639
8607
744195522
902553457
828901569
936667966
400382
622822812
218836773
820640600
53066
727452
53066
334046553
549461523
789160760
732532428
17214
17214
238967952
424854801
815749
74159
53066
385644034
454231673
724967865
671328193
8607
714701847
53066
2466128
372852895
53066
823045704
83718804
358592837
202590643
900017549
773418105
53066
232035
75338
88640931
27346
279784176
611601
53066
678150951
74159
724967865
247213940
153675612
616239553
8607
53066
662977119
136701799
215435448
522864740
53066
583726
106132
53066
74159
53066
556609610
298292965
370795
279487
832702935
74159
53066
820588368
150311554
956260801
789300081
194523585
644157527
53066
47735000
530660
212264
53066
421367853
953107055
976399596
74159
973725390
801013479
115521710
106132
639498366
514307556
159347016
195151171
810215899
53066
265787767
81455502
8607
953314200
53066
80968867
741322102
53066
159198
289083741
712049917
53066
318376
27697986
106132
8607
141460
848260481
239309601
120247
99618023
8607
123799
754244729
106132
284688910
477879617
96539043
377031986
106132
275078280
148318
516801990
453622
779301819
408620395
658283730
240996
294247270
53066
347291557
25821
930337426
694522356
948523419
530660
847866305
391003009
372888485
256113015
59513398
167269303
123799
516630749
284933308
106132
109259388
53066
74159
279487
212264
166127348
73064
96937
132083
916541027
142206107
404197084
957371760
220757403
932124586
443502
724967865
99102
586257925
849470121
371462
752262076
53016
699867647
632675732
127601140
263300619
74159
265330
682417359
774722369
8607
159198
53066
715850503
579397
395640565
515778992
335006239
100646032
241748457
808248246
186016268
371097356
925176942
53066
437397686
979743047
8607
74159
886490887
157632212
819993124
871005735
53066
444954
386470150
572512411
499974
743211957
180525627
827458916
895464044
269249241
969496707
494948504
274510418
91995555
460865220
74159
64332330
881993247
334627781
53066
963559590
109846620
619945558
297981297
25403
939852402
296636
54526
755167078
433180
372019
53066
714642140
204552832
322962
457688451
674114132
953059613
841226907
807381356
212264
328016002
961453279
496364
96020588
514819808
13563452
222477
664349332
53066
376058672
889019121
288466776
48038975
149513267
200499185
53066
864215968
202072851
658283730
101025085
985928938
159198
522046680
506045
996475387
53066
356427886
476532680
368024547
944110459
843141227
25178
772621773
351445158
763096631
17214
777433480
724106484
30413697
92931026
418748327
265007207
159198
718380056
966635569
626400737
658283730
53066
788097223
8607
106132
346567606
237523
159198
106132
528889
53066
658283730
106132
656874302
222477
450760533
17214
792534324
159198
315390
212264
216651854
159198
529908705
547004417
477611844
587744500
62985481
996230672
252307377
53066
289545162
201288791
830365282
924241831
663426862
326372905
106132
104402397
53066
29151
53066
778999586
496433631
290861919
133248328
702350064
25657
727966402
409237622
866076384
267134639
56250626
31778
222477
573255639
318323107
986454882
617183673
854456485
414310
265330
609690792
186437864
947964787
704855851
714602033
669943306
158897
684775678
299914194
395715
410310178
185702814
8607
33090968
280370016
830153306
432554378
106132
692065128
317408
689901788
716689293
53066
311359581
53066
17214
54099
245134479
87382928
457434917
647880380
431619017
443998213
741771105
431401514
106132
755417830
53066
74159
263336965
210098
8607
81986
692126377
260719320
277270599
23558
10501
804506327
74159
53066
250638580
53066
606367691
608773910
363804213
284332332
782645960
432554378
670119471
61445433
580270043
308074
69751
688968233
470389710
460281213
138828580
140052163
74159
433432931
543962555
216277189
591214600
98832
73987045
620711943
655253436
585313262
21329
5194
883928878
518559699
53066
51504901
52503370
74159
348913769
714747206
408804132
672934343
516341932
159198
216277189
631298350
261033602
53066
386661415
641157400
117242994
692400229
655048712
309657679
269355183
1359393
26496
43943173
216277189
25821
555019174
427928
216277189
200773691
101059939
233157464
32228
53066
283426806
341797057
380043
318396
521910894
641157400
8607
131539989
706953621
370932631
106132
83141592
8607
223354478
204452571
186221707
939998313
328082227
74159
294649020
909614749
635953034
865108756
74159
922832071
123446397
542310000
136005103
942440736
548398128
106132
446654674
113241
627266146
994390334
8607
680606048
686142993
157122765
984051896
53066
985970548
12329
106132
287625
778678943
731784480
157078708
635953034
8607
432554378
113844011
632239472
226592335
17214
983666248
40169322
222477
429377725
20304
658136673
212264
608189581
602637597
773397499
945966570
204259601
658526083
971771472
895503987
148318
216277189
613264013
162744112
317067334
460302300
106132
851478230
106132
441711403
182322343
216592200
525992077
74159
137808592
106132
766299884
466638077
