24074
15729
23224
241043
28319
315196
707724662
386975
28949
551584260
140345
30403
653288703
267899679
236328827
236318630
236622969
35632
104874
29450
653501777
315477
15717
20587
23425
20687
955597623
994570701
104486
277142127
155898
332762679
24175
32703
124081
83114
251670588
39675
18421
122695
835347315
24631
114102057
276024186
9361
190619
968499537
31715
103788
20845
348279
354844927
20172
5554
1789
699342135
12799
303487968
123338
918869670
70582
860074863
24965
834746016
33795
6841
167276313
212229405
18350
70637
126765415
842950457
114645
522940957
151
1857
237149909
27727
29035
26954
25777
643173226
34588
54057
661778203
69178
786484223
78986514
24998
864229753
27749
643656674
331512056
643456469
7850
79716
859598215
115421
30297
16144
13483
462318064
455142327
475326963
146110
549184456
24956
4255
581954928
26921
231208
354296381
9840
18317
140205
136535795
4195
32064
483077848
22017
25323
14772
342970062
3515
818652534
818425513
21249
17644
990025624
68378064
207164648
535095980
13320
690428573
17742
731834187
315965681
22369894
883978212
7901
44134025
20523
854993033
108600892
60958644
26731
926534755
402379572
830776736
385373808
225327786
3621
19697
80070
19914
437187857
496125881
5050312
314313433
367529
77935792
80478336
35465
22507
24349
113639467
7308
335794441
4278
5707908
170209839
656342452
32490
166524448
24737
28701
537952287
14938
21038
208833
20912
16902
131917033
385625491
246020
613772641
458776930
22598
405794
256343974
16630
501562360
13783
68545
131904772
32524
28185
23272
939
3907
331170565
31443
12769
25244
840180913
83118
1794
65897
22293880
60001402
630304204
363559
27790
655147621
977148183
3612
17812
23224
16381
156808
644394433
939892171
165661
431343241
127781
466127104
14283389
26044
79428292
301680636
141898338
730555387
732432368
750387661
322209929
112995685
76545
9992
23459
515419353
597576798
98689
36113
485388586
6517
117200
3611
123727974
319155555
32521
130654
857872081
118326031
935249334
835010150
836635766
25725
732471430
14959
909056413
33764
984308108
763543879
512051454
166957089
293956609
21621
219006
12769
285
31568
288455040
9153
38474
10422
54610
8530
953358852
805921940
45930
570
85526929
189801
40669221
208812713
99610
3858824
899001805
379121244
1792194
318763964
362136662
624573826
918434272
137780685
641056781
467679789
924174905
85602
566718055
783432129
15145
12376
49563
642234041
565732981
466120816
909485510
796206089
27983
961106104
30204
435013761
65002
120055423
219476
158351
538299039
89765
13261
232777724
289397424
33985
51046967
105648
501355547
5676091
16509
12812536
801044486
688917475
20727
795819299
171704
24568
144703486
213702
19645
31042
144465
26808
169376535
218363126
271235853
99374080
18228758
359722
50032
730689622
26044
169273431
310232132
334447
593230310
858878182
64259
25585
425107437
655447986
236363
529951753
15135
345916039
522764774
13895
189548
10412
849308330
787351818
32524
991494416
173476
620482640
78852
781184247
168186320
432716797
794852003
29816260
618562910
761632399
10218
52910
233034166
134783796
552649921
462710088
559575389
16265
866282960
905303221
22357
564101019
505705373
51572
4230
273119345
605170979
437593203
332241092
765191626
195386428
522742476
473718617
370852335
128991
160755
156435
534513028
68810076
23949
686144862
458826357
31351
108940
61500972
332356640
113249
26281
859305067
911377801
533721028
427812658
918514056
571020959
53931
394108907
257768
376311479
413536317
616754475
16696
14283
37739
758475750
69748646
156478895
987279068
25559
148392531
493124973
598316535
16764
986152363
576342372
443845633
980908438
168325
23192
107229
197010
76330
18186
937727886
268389
341744053
53487179
91782
704550390
30901
917032023
677352907
20965
105569
186489011
793085637
76154212
31662
166336492
792916346
16967
114103
985101125
779204732
11715
277249567
401835348
483307703
425717695
15934
881344504
172206
31738
208934
20171
137
557467317
22166
25189
30049
80169
973960678
351034789
37659
630323809
310749
428150793
29501
358995163
27510
992595574
3706
118369130
3896
720126360
823861906
224343458
140732529
555581849
27336782
49533
218854
63488
166865
2944
10115
10115
158356487
43073
478510970
95853
246736161
390
26101
935863513
831216965
509339592
282928142
412359152
31315
261842226
47916
17707729
3832
122317
795158820
827888942
7129467
970788818
767311231
22090
97327303
114927
101958340
60880
30118
355595367
531997748
24608
203426469
743845971
595493767
278549490
19496
881990785
560531054
343466778
413817547
531114456
561337441
4733206
307281148
34737
524403814
782396480
887266091
933481228
410861786
38760
547856953
435531719
21775
20210414
25512
4033
719914367
21024
133587361
779521390
644396953
143803554
2925
313332995
100740
201186983
55084
228271783
157100898
252277029
145575830
11919
94975431
210840219
173150389
76873
399538607
625674660
503162810
156435
914842002
588631624
781481050
572377839
117231999
28580
19175
2275
752743276
376806847
270761107
152363354
49313
48021
732646165
601021874
80937961
472707983
6084
535792864
106185341
319783
33459
976414851
16766
305514
14872
778596270
465257034
85116435
706945506
146654673
27566
12819
11354840
328446605
381712345
11867
19331
133513982
900931790
483594835
622028132
961822928
434349265
902211985
815406317
411164527
557513275
697538743
26704
22498
129710
7547
4109
147633
238856
164733270
385709
784383807
430269244
55497059
285636013
21458
764930161
396
114292783
38858035
576788124
536567197
581425940
61041
715066444
276315020
477142402
186517836
27474
145087
5283122
435950900
929862225
260108568
27790
560130981
29918
376501438
123640
267882077
859397662
917843473
29192
5440
26134
526377631
289771
17913
616116282
1925
167378
8750152
23360
193332694
360820026
399684624
106291689
32371
596281247
913334425
253673154
101323296
525109034
50432698
228988760
337100227
254915819
16952
194079912
40742
21206
577391346
530327285
116544023
156191
63705
74123
52228
364600
412399540
45164
979924642
90414881
26237
138814
555308328
49434
410340370
804754038
159241384
9367
18425
43447
594662744
850133127
258525
513241249
984945345
166104354
29545
731906405
126302
733071734
27634
703966402
93287522
281241809
701885243
10079
66463
374400897
240505576
24193
105937
554619461
342574704
108404341
4515
817735128
936305868
76148
579694229
365115182
119119
112134
361222248
26237
40918
63960319
12779
26400
928879340
798866419
122499
14741558
5440
313438763
31757797
6985
22048
26590
385493
23192
31618714
89959788
340463565
976761325
26590
554616256
11853
106360
219271031
18307
847477342
172503
42426163
115429099
152752964
53180
195297
147375
8202486
2426
413104
795232083
475084028
789861673
98811
882052615
970109919
578959657
53180
785822963
63860018
594154982
959313765
863049080
330612996
64551
79770
274244452
379818
31292
544492525
609012528
30527
30367
26590
25198595
26590
88417
146375626
58976568
716699885
416529534
387237884
186130
26590
16185
474770482
929335890
658443160
487627942
20587
450094039
204060716
153227040
53180
686346178
781800357
822604405
27912
973206333
26590
302302780
26590
653300419
10226454
8813
30527
4829902
128347975
96510591
132950
81577943
9514
26590
946723330
11986
317008507
278787010
11196
61347
97391072
12780364
85968
3036
229788598
935312969
966591420
53180
11465
64288123
37249
333530166
826361662
19758506
81088
9132047
292490
878466136
41917
455252174
2321248
31215
738158240
417279205
15456
207933970
488757008
117794592
1434
664643162
297325
196762544
42786
893771663
952784666
50844330
71678616
307629899
858389176
30007857
286161741
762195468
825140880
579832920
582703418
460873310
343419231
667436256
275122735
702116078
811264422
657323932
507017615
899542620
136837881
69263424
766011677
750353760
652037407
620424980
332772907
757460088
379086912
513683340
652037407
956157984
649144737
183259374
752471737
598253329
346441248
583580815
739674585
571302497
533282542
335648804
716872627
633790591
885890293
242398609
858302976
476899776
825140880
490584888
337886517
538307934
248693347
928753122
633735625
423964247
150382902
599699694
398009455
4158288
584812225
970947687
855303984
114632208
470686920
757056672
250281732
858905546
450154982
745255390
119141322
394534122
31612766
195305616
638786743
541984615
589756183
992859013
267682032
709981128
578277343
343462176
23268
566460187
308926442
6923238
227253891
718206261
469474738
815893344
848349140
965162755
925622496
611660922
759933690
52478067
99351449
398929669
532781644
726495724
368498023
422997192
452067199
307216800
776188201
844045246
847986512
74229632
49421173
258776253
56858928
95595789
934883711
652037407
971177472
152476736
349267957
65046
212628924
198867584
878888304
39783024
711504820
85466193
529966502
446814089
27494352
545500712
26850663
39318
557707104
22994712
612972337
728510778
825140880
784414688
778335125
287997258
160943755
652068041
378931929
409746528
73744422
423793416
936240470
479303820
623258455
839758509
331579456
400988939
884638621
92350503
168882495
197703415
153154065
896642436
718400735
610888975
138979364
436972240
718522139
64808908
860076072
956747592
89581740
956157984
4344480
717743912
821234196
51900973
131655605
339454752
12080718
506404055
840388560
80077852
799484842
643751067
39318
73183557
387023906
412475452
118799768
994051180
179435978
915393780
825140880
595569973
290422124
89382261
555508493
954136267
364928539
789896768
12041297
606978943
888818544
729173484
986466484
847051692
963216111
145359724
414398199
427420814
200955779
779147026
395128455
720834749
657412920
478816783
569443519
225850896
61374319
197691145
594234702
123848125
183244903
785471142
292983213
156593150
540053020
989551540
710005183
122269480
873325504
459628994
775335219
547813602
784791011
381757028
722322641
813897016
157698303
825140880
684227043
907865215
741809501
584866938
153511867
184221744
31495219
759519279
509142701
379228026
352452742
137346821
858797062
568105997
198172994
32205470
406511103
415915299
992433142
813318314
194661634
408598344
784764395
55998806
156641597
988699026
45224
987345144
296635509
858506084
132612902
832565845
735110071
65354743
2668298
536386927
901505395
994482504
89544398
243166752
950600177
942857254
437297651
141630814
534349487
172872295
964138789
150939648
73683267
36339
981147009
501971004
229660855
564123751
220448826
578033064
520028532
496635539
372172206
655041582
875784671
625654826
431189640
843409737
989765640
70747419
123961113
935836200
776504587
443381436
87443238
398982595
133775965
46402
880071059
638786743
14030
86473807
853331213
68731971
568399190
538913320
206151364
52064390
118326528
509412709
708248161
819928203
257317344
341839349
623513202
494840468
344165484
278338650
141258816
414742680
830731514
652037407
811591405
455282007
360432715
204679476
276426079
36916
339856111
832268232
125152056
976218336
913696923
919601683
825140880
800940862
17454690
652037407
573622500
325484101
675721800
66021678
728547802
569437200
22554972
360026444
914852467
925579
353807532
619890014
797101976
903451005
651316094
163035624
1117152
522113400
746201270
11102479
622843272
347434272
613117
325796574
171669754
635394390
99671313
883875110
674973169
197529
26970
890868116
485402301
61019013
333073343
880638815
188368973
652037407
793697928
365867280
379048903
945071707
87789528
550335246
481910911
460865711
575213266
410277985
280185504
62688568
382227646
569437200
556411434
461222447
118473703
541678625
323912016
572136984
957458457
921598966
458554168
912057149
78534236
972943372
506272405
812437430
925336955
754108632
242166751
425865145
964762916
514109621
332251342
423100356
520127352
314899648
920658847
45296940
103441265
155459963
780782198
514162829
210697431
643661434
777902470
891181247
253800319
763258409
1527529
238782041
300498026
638855784
311840568
232600547
47111204
359847072
36339
809004240
989880348
50584667
714771515
442139554
776265480
865639764
961123104
857292312
788600418
238617045
680208449
811641960
825140880
743043484
382283785
697516933
450205780
825140880
145663522
741702387
865280079
448607291
359847072
712534929
451794888
20972335
189691639
523747340
105528157
634859078
443381436
761952897
367162349
659230594
835323554
652037407
850320635
736847107
872429625
240358280
129513138
434790530
652037407
188165113
818040928
10657083
746887272
494807089
288039024
804411504
878512540
337520618
777400606
300176924
91248856
825140880
41930724
652037407
546039360
455604847
825140880
907865215
373679337
638810039
934612643
512555544
825140880
180171792
429979392
812976336
580741341
411408400
598682101
252504626
645321742
593793110
132726988
351941082
43879248
863285625
114632208
895474732
284353614
953861616
723142913
705373946
261606339
681586848
301142464
917988624
26396734
446190192
130162729
528950837
571477693
279574008
939889305
423000513
652050739
547517336
164268458
500297904
654850583
441323298
766614529
15860
912723189
126498307
13354
43206782
289373400
11395854
226476959
988585681
310725421
47993837
741745382
417717460
858626893
200845278
32778867
333089190
439164864
724716553
720745037
930773808
199665016
250645464
701211364
14554008
332728503
20489
852573168
17037206
356518596
473070643
828097802
652040706
724265949
663718973
612677630
383128675
379228026
522341859
970724371
109552
406606392
121969360
663888093
358412623
817019006
292901445
107636054
331862416
500297904
825140880
870763461
8898
405433080
439033759
612564703
455577895
474945827
747324693
130048135
728165880
277139815
695047030
715322894
12023
511190136
428793199
412091498
18174369
262530720
662998680
44197695
19659
905879167
859745354
325365354
638794816
239959738
27780
817612199
535169410
1117152
786317650
740108039
27780
648934228
590605279
27780
395492396
27780
300434699
180570
609431918
915576975
177779270
2398549
152790
11835951
593018375
707514373
452178197
13890
881994654
828759142
937290528
166651730
346461230
125010
55560
512036053
27780
89116927
284681049
152790
13890
229363977
682893574
13890
893256120
725943463
341445947
13890
961565196
699178216
206218991
13890
304349745
587206924
13890
13890
291690
289373400
408163896
923097755
669839990
13890
755723685
788960061
309479
484130232
109017
234098
12852145
13890
13890
580239080
344398457
245866536
494177394
960759048
13890
165077
165356529
280254094
337989432
33381855
726611974
396878360
13890
530274582
145531580
13890
27780
186967800
507969720
541250391
927241951
397885528
1290
526239173
27780
27780
807994869
824800169
235358
944630350
13890
13890
30152
525365357
188787
219983
712377877
252158
374864
7740
634686914
4745875
13890
876329736
111120
151048576
396235614
952626393
878167591
27780
767680661
100976728
440527320
432575195
225741108
352860675
540937865
36339
13890
114936525
27780
833079035
927125021
827397360
1290
408681813
400789694
582438782
13890
982170676
264418886
27780
14478
978762
721373063
116980377
517386884
55560
1290
335078649
743919635
859077656
401611233
981080729
14478
19425478
510102470
595094025
226558494
758097806
3870
144016494
13890
52333716
82548
542189727
180612888
822257017
13890
160414557
396730140
307610557
910903710
169175377
810154443
19046
728941680
793891656
13890
562807221
13890
573429166
876480800
574892164
37850
79059339
641296535
55560
403185443
800207276
192857373
203226531
593766288
830431714
215889624
407887426
594728280
152790
646924104
61130548
172193274
905479642
908128340
294305
397112988
239457028
74415783
865899417
379191198
185406396
10936
347263890
948728726
168818
13890
595931183
130504632
391005656
910170198
65221208
13890
69450
14146
13890
178481996
680283504
562142131
606911532
148869
653725282
973646300
417346709
212134752
352018030
118376823
571764600
685591373
527140584
434672438
174641119
349998703
170039709
154718753
2580
270222373
713541968
759087656
19046
822730485
13890
222266425
499116887
724823972
422780154
153958992
267125085
297496486
529710251
379048903
196650968
911933753
797856116
357117001
640537110
294703453
515136418
239917941
617396846
13890
13890
914432174
702574914
626225661
13890
186554585
14969266
872459900
743408621
603942635
519671466
806547658
460415680
719234663
988744969
935140039
416414555
888920019
6065
13890
479523294
27780
685131496
760766738
632092012
360561161
13890
152790
373707305
836623925
3821982
932985880
171412462
761336368
182087322
27780
603123253
968945252
234964602
792362303
20176199
611763820
13890
41670
13890
241451431
11102479
335094183
746209268
634413858
3129
83340
835088067
654701979
13890
328041
713573591
868405892
601823423
134134986
957723663
23311
105204097
881246216
932850102
966035213
50715653
135948969
713160337
13890
434516138
656509128
13890
122243277
512186802
918908070
192446700
308206563
183947437
68520115
877333765
13890
86855
845622000
909750273
804295886
721633917
126819915
909408502
13890
773591031
13890
85024773
609196723
18220
41102
102419865
847166955
13890
24657669
434635106
41670
378007608
317755274
55560
405911381
243973136
13890
232473031
632024895
815393893
27568748
48270
568189415
463989775
814112128
228328878
398709237
13890
702049286
266069769
792591231
40581
836029163
508749043
87227099
392485162
318417
513339724
364271024
847293519
471041386
41670
346025453
441954267
73406328
657629232
819881788
13890
761659689
878341620
255478770
29670
896993177
879136560
144147415
152790
988535024
926826087
110501469
1290
589073874
226373179
13890
13890
777283866
693899575
188087105
27780
13890
149459258
637876330
494891151
13890
13890
879731021
12276
978205883
738978426
695
908881813
846694061
27780
27054
107809580
423278661
949136788
522113400
580136760
559040534
777807814
184671432
13890
8991
22649
37944957
79929900
590909647
369418331
312345327
397727490
13890
887980475
432328233
931421003
944924400
356623474
13890
30766
13890
214201482
328005568
90706536
643211045
35333
27015
653114827
7432351
338240018
97230
13890
716444644
790695360
10581912
218702723
151574
