317618
2282921
196456
32355
42653578
18512902
10852
26023
38720998
250668506
941452987
711743837
610654979
236650
816453402
954250248
81008
44566
295284
451848906
528205843
484179436
668037829
17889
109952737
943956248
194119
31389
322162
585750733
438656
14034
17469
131714
973550859
1775
1634
207297056
751915004
397850451
43014839
441123140
20420814
1289065
24827
31296
277705664
10090
9426
32609
706335797
832290489
172116494
832338793
11045
78635
12179
29226
230189671
7102
432392358
296349302
296362825
129598111
244967
26923
49544
432441615
5357
25892
505214547
123510
153591
359916
60489
663088874
30098
46780
458718485
25289
397851
458680541
3251
113453
250266
237753
14574
49105
222980400
129589
321889
29777
523132
99756
27874
492232
226808244
75196
161686
232925
266125
53485
7340
15920
235506
604255
2936772
975520293
311560296
395035
27561
227773666
434041050
24537
2311
742520482
912224220
14736
138184065
186105848
831902990
416772081
232300557
30161
153516
768725381
762015389
388511771
19646
45442820
61388
558246535
17643
687696303
828213247
169343
29818
26753
552619481
303
442584364
21964
243142
37220
798683551
881292576
22186868
856273525
56669
226507631
136845224
61881169
581957575
262298003
15010
18925324
44231
885293856
107967944
41760
465209589
30550
429055693
219570607
193846982
700695739
37814
23170
26456
74207372
25230
75038
151356
28003
452106109
582683837
995
40004
3218
931867234
452716448
16896
24074
106231549
924802290
214816151
672484307
4629
83124
35394
26728
64099
12178
39836
25289
6120
35172
91337704
180534724
217980
61699
565036699
39654124
46686
91616692
41949
386649
541305931
41204
788645412
6450
87646
21336
24709
99921365
835655992
12249
176836
832368517
30823
210715
19219
520052
237908413
417089506
46225
288687
39088
173994
40508
24557
29320
830004620
19609
6401761
99678302
739710551
727289763
719472828
321639822
80210
31876
11944
212734646
76513
1351
907017357
411362186
33028
121233
977618710
6962
69222
116038166
342284
259268
23574
944122481
136290
150325
474214702
90964
187620
43676
275594447
160085851
22846
12593599
129920
144687739
151634345
6492
346672592
420116676
730763383
160708863
70758
296353
326355
43643
9034
318744366
450964421
818921570
19385
312457670
722820714
40862
610695284
16233
136304
989664022
24514
36431
194848
16177
13594
27698
323492129
154749683
103873
55555
260175564
290584
181485551
31962
72041929
472660016
550254
233217383
741675660
38177
392480866
60860
891187992
467603973
445512800
922485399
491119158
15752
130659
657907917
12007
557865529
978828641
12195
27157
387419
454651264
8734
858649756
855275907
24246
814
546536098
11331
941746091
37846
56
889045507
8738
60585
787915918
930342241
283452996
36750914
400855638
29293
5164
51930
28622
597292141
117406423
571559873
229025105
963779899
22208
18747
348594410
813909670
514717834
954652518
973150220
339846228
11736
385307722
750261694
912106605
95143
588443063
44489
213421
451326496
95770464
302278291
14691
159644707
911687414
290362930
27129
274049981
11707
15058
32955
719523129
134671176
223829778
247773821
46293
823053887
582164697
240972089
219944794
75628
588944623
191093160
931129071
31642
39452
57982
215942
1115
15821
21336
494008702
732856136
5801490
715402844
585812904
292179
943786403
75760
889552284
29726
144744
711264
113489368
349168
635462965
325724309
151910477
906271737
487514876
762026917
632236184
17498
11881
30856
333556592
17399
300819110
13139
9317
502827635
720060849
33323
5492
31506360
8285
32613
8717
86704737
501689008
767190994
951915348
52881
115045354
37972
273380
977637743
966370853
69363
327806908
13126
677648446
620157753
59624
564937332
276047240
658315130
3609
25922
42189
231808
503383
349941062
2534
826801608
150420780
63284
776147139
379213549
31642
70195170
557652513
236960728
96355
609409161
781119580
15426
16121
986052626
81064504
177022232
301894327
324168256
24787617
179823676
617303312
85807
389013076
878119020
102886595
190499636
21459
809142141
61273643
929104634
666711086
26376823
960032572
20995
513607056
172387446
853621294
136620
139870620
373970
139444097
636510604
47463
302033
205467527
129437494
313921312
474755840
299566747
37222
15821
290430915
15494040
453899572
233134782
12800200
274093760
767381697
379484507
338436685
2948
455797305
301931487
100918780
295258
24671
979129544
590337116
112825
332268945
659343052
202251
42590
543830511
295801745
642885144
628041878
69460040
3326
203734189
4863
265255008
2534
753254294
938710150
426
166139762
41802
66491525
933700279
657893639
532357097
9157
734727845
506244594
494329333
19012
482769010
926604023
579650253
626951079
386296363
677163836
22531
26022
503992333
109950
95663174
631570449
537175578
862354559
132400340
46705
800267348
9763810
518896665
24924
66120751
20512
317837520
967431320
11065202
245399438
834922448
372769499
100456955
491047892
553281643
225205500
435425
1117895
153736
16705911
683329241
89049884
9135838
118918
17476
123967
819580262
229939311
307718858
557450657
568858864
801935978
198436849
145964969
22119
351851045
217854
147127428
31642
827397294
44890446
40931
138002680
383956642
2534
232975350
6748
680721125
316793361
463563998
336481359
551646980
34971
2716212
28307
136032330
24924
19293
116056
9193
234514825
789232166
205298967
423017940
79105
7899
22670
443571659
460895704
113403
342516
186869002
60299
903763752
204222004
87668
435843407
632638655
50536
134623196
33901
279957825
9837
29874997
25824
14184675
26837
31982
534351063
134762315
34928
390815326
24306
843462959
136738935
591149040
336656997
30349712
701847981
63355215
138096904
129279
220674391
550506955
747523249
29897097
205350
30915
16372
71105
619855507
616555446
23587
215342575
843352579
26711
15821
424709610
102542
400340398
109
77351
975841223
548071622
37152
15013
940329720
738196793
570229488
434576125
563394357
575991581
886458724
81736338
681697920
107015996
169824842
271596160
79292
31516
354854850
857276953
303299776
76202
226013312
622483513
532625824
716755984
5213
553747329
413243739
8468
114144
798761265
779143053
28531
846480025
450438677
12572
492798351
617690748
234867628
281083089
5068
891407660
704660
640041055
22174597
181845739
245234877
349147249
28893
927457321
384083941
11125
464916671
18965
17464
154397119
44222
654245517
305494327
564988270
21621
193175679
235168024
73927451
15505
64261453
385018054
3912
10165967
26038
35394
534947980
26927
544040017
170684200
482428872
19931
72079266
174031
111353558
54615
308145753
330781238
312819414
779442930
475240522
9075
13667
9774
12943
24554
63284
761632357
351057259
25920070
866971113
152719
42210
85260586
32013
19594
35805
733257347
835197266
788320994
474200282
723402292
431297833
667370599
634042435
333435416
252423046
449514638
457215682
327806908
200612716
24990
454214189
476212123
168317
9303
741690368
889470093
678893760
36740
624680177
460137854
152099837
354632440
32407
89359274
15821
3462
635300594
668729305
844485210
6323
6365
775908411
10948
981242686
195841
500174099
2673
72879983
760460825
122617
15821
717496977
927981918
183217794
724392429
15821
16015
30985
31150
347368
704430262
96015273
30426
76366273
24316
237915147
944732543
311657249
516238317
266115838
70758
19714
325583419
903895646
669279049
15821
961013211
579874624
36149454
745644662
284594012
24924
906959360
19823
631344013
706304281
43292
15821
163675897
81399
681699018
933999910
531351900
392826020
101026
1782
224370938
187641539
194539494
2783
68949
322498454
126331327
4976
923848632
559486801
452729319
772927920
164056640
569895344
835453010
15821
477546170
21529
260591179
4455
755903196
937618543
305284182
9223093
143600493
2523268
739235261
601744383
253128754
47798
5904
891
959421959
935241871
434317460
738346115
29655
79672
74371
21487
326015508
186334060
604256087
787521520
167000161
394046791
624692833
886713014
382722276
28361
21967
362295749
951569866
99873
718788874
15821
471888625
17694
58232
484897566
16551
14300
825837867
389252397
861016128
649708846
860877994
36146
734118988
557095604
25362
961665142
507224447
15821
263845147
753695295
108385331
36279
70870
22101
166589920
899116930
761627909
170661136
446670335
559473381
852126469
215796806
773777455
13118658
20393
803306462
4455
205614020
429833145
731594542
5068
904290373
128249546
994266381
47732
2673
28071
433566748
162972102
88303366
71093
61985
863866043
47496
9534
73134
47496
281068289
65025
47358
103543802
193367134
31642
31986
39081
297778624
129014198
372355035
889468421
583632465
154385581
351053255
10561
57207008
831547275
725749808
304251241
777591372
789497888
8187
6120
211234520
592489561
36399
28985
797116266
342133117
805346066
604143081
27709
93007890
229028672
611271702
9752
105049106
25053
738788926
62928088
769084207
928943340
31642
14891
468562332
955677694
33175
339604908
87349554
405799104
890369143
224208290
601369167
55496
275941
27334739
48828
96039
492488248
627109288
569725000
4455
947217646
596131008
128052
372071610
211208549
78569
47097
16940
45118
55377
664373977
865918803
15821
18017280
30707
47463
2118
120409
27807
884100887
295044202
975598510
495074255
997773650
2534
321627105
17547
298647733
137932546
608944977
784380639
560284641
389671
10976
226895109
756516561
47463
487143524
44715
482047187
115907993
760299499
170146406
367667820
111927817
651136682
291777759
44302
813178981
315164
389604241
5105
697752604
92311534
237270463
632835821
48379
14909
48063
654387390
712142422
252381432
832808284
326015508
247837176
2872944
639563306
40465888
4177
811549832
160009521
976152179
57086
229501977
110131338
153609
10876
12048
12139
190732346
68482798
271049029
21696
294862
15750
749907186
4140
129958649
17965
221021884
995748136
70845463
15821
669895300
28700
440353653
23866
421354517
387245311
25051
43184
914456011
32616
488340214
951704618
188330
76238
34062
279193187
23094
185634453
136922602
238865776
736995520
110307689
298510628
231144499
68949
61432014
832397984
294222261
363326454
459966079
935673447
659846060
936704747
774660851
594855162
21379
26633
86795011
750089343
27719
21341
213406874
930157442
17797
389507713
22495
639139501
27994
27023
706602068
118437
798483773
890697789
971921838
636772418
46644
327214815
599868065
39412
355002
580799040
923596128
604239884
199375826
132353
608339206
214986025
225851381
81062
20383499
72982778
949800404
857284775
760740927
43557
365362691
539456509
139953
391803862
711039732
623237373
63284
900500476
414673026
578544239
28754243
3310
398947325
161027779
465571188
42438578
881765229
62601
116123161
882410393
15821
1505619
104430132
500771027
154354356
36182441
46272
189868915
844160449
36850
90489798
22846
864496888
699744287
172576880
273491140
355600328
265413221
794624100
474715960
762926012
17820
30359
694294284
557652513
98573
793312157
143849092
668918060
770718417
108292815
50102
245266497
946674294
114882618
6765330
130209408
133194776
593220165
2534
115420765
128433873
44916993
700934564
406404620
507360658
48659
47910338
135371532
871724219
28007
123565543
484124080
43413264
12620
50195191
888939736
215796806
15573
537954608
19531
169685592
449002413
15821
884294154
786397829
690361079
298299494
885
79672
32427
771751128
491047892
99364824
175608137
268605176
120109888
290878375
66795031
4976
15821
26246
231190053
18290
929914982
86795011
173765
170946800
3777
217864647
725254709
995738596
337058222
28849
992819452
931325076
767130076
26916691
242552482
235659
518214928
355289643
170151
143366502
143630714
403780522
929885110
993999815
84823
409722419
834252193
30876
921837529
164582252
319755693
9352283
87478
355289643
16007
90225
562
144666
961902755
142412803
11547
33780
193454548
729576964
632322470
216969154
101491777
440371344
20432643
9408299
38018
529130274
830600024
265541
48663
306573628
835810418
366599099
236633327
95811524
264474539
705143848
27372
352699427
758171122
599413961
28942
686569870
15615150
147966
350464937
929822359
269134611
390038168
2534
459362668
7396
26617
528398941
52074101
68293
37846
78890
863866043
177384662
62805720
590217494
150435800
196465831
120858
474511242
31957822
443486404
397089483
226930340
66220
350622286
82818690
592397448
133567358
49268173
68306
990863968
201208455
970790209
15821
11863
163055914
839689477
501204028
243268437
845706371
503859760
676259673
38248
652176439
267888754
13702
6095
106849080
15058
49571452
31510
28415
355289643
14547
24688
767023860
57096
15821
778610594
174533770
751018020
608136865
974825893
579840072
888280927
757898576
631159123
58364
583327785
249036118
396976538
753937592
439768434
956390717
27807
392360800
366748407
13473
933984004
767118763
920358354
582357277
50791887
68271761
32140
25399
144137374
9333
31800687
515247794
158839
493106483
11547
11547
440371767
792478466
355289643
278928604
464868892
17778
791215734
790839487
126199579
564316128
834128823
643270396
170218561
35289
601676854
515506656
381937008
33629
19203
564316128
41675
98906258
565854661
317370602
825843780
131017257
625324523
461901286
19330
103997
741408845
659578700
260008836
257876377
504004675
115614678
307512575
63772539
507125923
16397
39752
19289
20080
17759
596151353
602455009
217428214
903671585
759836737
816679814
689845864
2647
35310158
510519622
54685421
9809
891259160
693306492
56357
52981
613760890
8500
32202922
502551081
782263221
436271147
2008
24174
148519596
26408844
38991
26329
86424
690103672
453217548
7205
33989177
29543
163055914
9752975
6845
620756696
15821
6217
55724154
927694898
50588110
303631696
487919829
187042351
516246080
812294954
40932
20046
606929409
696764227
286413269
156615031
680993234
386405967
809532890
271622226
519515159
628481130
383098128
25051
115266331
311179274
523588604
293438739
659316846
2492
197751710
433482391
48764
48600579
127
15903
42722113
2302
34161
881406327
376405813
564266820
37072163
938297330
322127735
434968057
466009414
459777734
61306
314461174
355289643
39887336
5121482
182547983
517760190
105658201
14707
64852145
327835277
266279508
22583
979879767
64236089
3381769
157324971
15821
959652401
537206190
272274882
936647052
756227919
68962
18005
396329094
876589281
785927232
174234812
19124
605886230
613024055
5515
759500772
814054762
50303334
165914000
451790986
4363
28280
381286644
138585269
27835784
383580949
601123683
772463780
77067177
954411747
790593304
44715
30659
112554079
23064
360078437
861193346
913867311
977354846
568056524
1151
950693362
362717782
991342246
728332420
122028156
172197036
910097763
24906
61052544
13136153
132489992
340021084
43423
102313
401360940
1687
29804
74617222
843511422
480082897
295880269
826720842
231775
269768103
563297819
29278
61674
591385411
38035703
627764124
428472417
156051841
842484364
961741958
24503710
6397
775801202
904913041
76923655
89638170
298229063
683288500
47030018
611981210
261169330
160502
886082123
342502490
49053
76310
172072463
675193869
7909
87257
693502260
24725
827019701
492874539
601394359
13003
6756
138056
455334695
66702614
93053870
866891627
29368
263106965
7908
584594333
941578553
878720268
104432001
583532068
10166
170733343
356535983
465853819
914043275
225174157
298931659
71105
235558378
62741
142410629
3292
883062108
74479535
184478
10795
421455171
545697030
649795705
15499
969437015
479647001
431555000
917413803
350781004
972048403
134652663
503770956
766025064
390884315
899339251
342735
97627402
241108
661794114
408208
579840175
303727477
150953955
6399
407836681
253139410
45898
355289643
21605
547239259
992750836
647560841
61155634
870898653
96090
431555000
484269267
683225525
447062155
503091554
461956807
441691959
335172914
737086852
229414861
453560737
69661
874198877
177194605
45021
768281429
482939273
293810127
23094
928255994
88990
205292646
284191052
401355728
601708293
417965285
698293538
94825838
30707
651064304
47919588
869436100
48415
471827784
642890464
142731692
317774070
166935155
29130
16261
714912611
181307920
476308204
31406
45640
30541
800664110
560197710
83793871
7377
890617638
15821
168768886
691795457
19288478
69397016
253469260
607966977
16015
314171984
876357694
395468971
501421656
193858530
11547
67011
467450952
854692098
147308317
837206288
180037
600791799
326552381
206867674
290386110
355289643
14216
71709223
862369691
189797890
957127335
957160150
522481591
874099911
945319063
235345808
290013862
854227711
154865366
58643375
79998089
536372150
67111
588509704
710579286
151543211
274125499
72356
7956
760223037
937927214
933703188
740011196
772126404
900378499
346402566
494700026
311357280
537658265
1385
656376659
11547
846827670
567836643
456346206
406032005
683343423
107835624
173331898
369456744
48330694
810228494
12759
897497117
440032445
14292068
716563573
277605954
113652672
516102893
355699338
23066
839891415
522590040
965286066
695947883
258882538
1333
32288613
76456208
612361907
881836489
114634
182247748
725301834
700696388
70845463
750787917
763522138
641580945
14904509
477145535
15821
272274882
176786360
459502278
278040051
216636913
558587805
24757060
617492593
616686967
78123145
22244
24636520
235641092
535482695
160901444
329602837
36565
307946943
22316
669920356
839686830
