238116
155270
403798
32368
22631
15368
333983621
10418
83496
24716
888045156
104498
72657
134583369
834385551
914331154
470062
22052
460097
13897
12446
950638395
49161
113
90134
923001762
950619867
13282
698366223
2786
493624778
11611
131907145
19601
26531761
840680545
28979
276036
567280034
10528
52606
22506
23362
94707
383868820
137742698
17960798
15265
67987
6661
12216
826401714
265916964
784613714
972969183
532626047
746476372
533650279
18672868
146621542
980791454
3628
985654738
10497
22359
14884
33116
51018042
570666775
36583
442375764
117287
12145
17937
7642
501643260
530635215
318280163
67573213
79168741
7936
47583
8165100
171419
695251811
277957
25633
698509665
8204
23078
32739
3745
738951666
7872
61463
986303254
591749448
773018078
8388
494582434
474006194
200960126
135959
29126
30735
220215029
271937559
117995363
989505765
204947334
58609
24592
25320
29774
32208
77625
59190
19701
505603634
307875491
978464218
10703
26470
68688
20682
626951984
53000
488879112
233767624
59447
33709
21534351
82297323
53953755
18843
187814911
21487
98426
889463872
24182
995687355
17860
169613690
408130332
27269
25251
56987
121438
285306
86985911
636256818
334251710
50147398
1801
575424851
36392
529826390
728211931
159940886
638927762
16060
914173646
781026820
213358941
213394592
26592
785859468
51758133
939883620
257895
77467
476229547
776327943
148639
335097371
634341605
524115833
407997618
426415533
434757524
497211193
352559172
30925
543951919
78604
728057139
69738696
445745645
247127698
37233
580402473
381531
205323288
14804
21492
150086170
49667
317108862
233767624
5705
37858
647034949
24414
72400
628041274
323467260
25009992
736196910
28359
794038719
112374
214368959
350211935
504385117
105888977
514691131
343939864
26777
781264774
4073
30385
472752690
2712
23036
285068070
939883620
5840
168347
304889505
44579
639588086
764587195
29544
832188486
97159050
21026
1903
10164
306125325
30571
7169
147479894
198459
7808
147418296
937438958
773473959
406134651
47234850
22720
203852732
750048920
103136
739611292
108952
32458
494447988
77352
140754
18002
486269908
225085
26349
5379
692429160
827110335
340355
513568930
613425020
227717
682158834
651238187
795268016
16609
650014491
32643
291929248
8175
583722085
5587
40881
50537
770902128
336820336
941442379
832969927
644606417
170214754
1258
19635587
864525046
981812723
531063524
442563957
902450770
982440939
94707
415548040
190934671
19398
926764046
17984
588680869
270626049
18492
427324928
1579
858016175
168963
627650370
6085
208125852
539428609
189205536
908415243
241947929
10632848
18254
29665
141482689
23480
206109617
303387896
339291
798879100
895198348
521839
31468
29454
741471738
69165
571803164
408
307239039
103136
573357264
186649938
229473527
187978658
477485282
477644755
186592613
827159729
977747813
25251
635896752
186442049
605821261
527084090
741731999
44239
62753077
875277043
25784
33001431
82549
636021096
508832195
123739
22964
134765629
27289
942194943
9189
82968
8355
350127834
12557
36583
907420970
345889980
426724053
52574
658978433
49543
15988
15549
274858827
104321720
769372902
35922
974318382
1222
26107
14585
125366230
37116
51568
216302393
19601
44710617
85309196
903543346
330073358
606003536
1548
22118
9671
6424
6541
350091438
54084
4597
21943
296443620
53916
28420592
233136913
384075854
48486
19487
469487058
13914
979429609
627159401
64878
70906265
548763969
498074418
745518965
15281
655936045
17728
304598958
200008
17529
171469508
412013963
22490
237374
69180
412544
381949076
29822
345617790
3712
6345
670897998
25460
118739278
827881282
147945271
7488
853429349
571461939
830834592
385235379
445600424
880755792
127483
825964713
159589
4076
55759236
597510295
603954645
54954
584114121
182274392
756242198
17337
547509
217727
665745732
14739
20320
765224848
480474688
271747
123541
317734121
108265663
164359
804608432
29581
24057
32644
51601
25784
120863259
997838558
616743
317750997
258725388
10037
164359
26046
19505
772158578
22803
892448243
25784
405465694
541218227
13504
355837519
51568
856370455
154526920
244942
460750945
52454
169058
242299634
884533202
733904394
120659689
345462
6308895
161002859
296428040
228069905
25784
16362
25784
18757
78508293
227301417
11391
2274532
706495283
440517913
7376
546516306
18212
465943727
863235828
192247
29740
42016
13282
17481158
384908
805665164
7916
18683445
392926505
958765196
15640
765514019
580925817
535865959
1737
15874
452492682
679021039
11226218
577421161
104414137
52824
80343
278501975
568341699
402073634
405944096
427705009
29478
228380
85118247
254705305
8547
199349
9728
80082
164642531
27099
154198357
603986690
302718
806847864
63885428
22750
390212482
199591323
772494769
8754387
284459
2831
705420958
528772357
25784
766720990
15988
32630
782160207
25784
635563008
13278
825055992
2892761
851838314
643481458
145448294
135846537
554124823
253031870
551493976
406689626
68438472
537059261
901210934
192370685
6292174
678942986
76215671
514602082
178729215
838851409
595491149
774995999
598704404
18911035
907600161
982097324
52403050
13191
1219478
273063416
16726198
635837496
111557075
380852534
395525388
420033240
771170315
252948368
551493976
120639777
163708247
640901351
231000169
262985975
288430665
992664180
872565921
365756142
942760970
206339683
513279699
139972994
610764214
986993219
648025581
973667098
787310677
507671898
16772
153700030
805910979
225403149
662397113
265865270
556363518
422126140
87652122
731546960
317530248
186172865
564487171
784469628
117962151
345866299
294483752
420065742
108017782
182257335
601551424
28972500
964323122
906533975
888669215
75738449
612752145
761327747
46519301
270460924
166187402
633435235
235767195
733211819
566388787
116398938
584732482
478771376
615468475
611395742
762822791
481696907
233692071
644503098
82843612
414062040
723803919
577590222
16327362
443753858
836132982
879367019
163128079
346127332
78982812
698714463
315252471
53303054
39934254
475506764
918032362
313898002
656964801
879115939
428977784
446944544
165698212
315252471
685774118
610523479
864158817
444531350
476614792
792082499
112390542
427533527
12438
182177286
761023330
233614166
943085884
296478054
94083787
822269224
519538810
104743599
676734186
884258193
309568313
641405821
527538296
970447875
31186979
436388202
872606806
397711711
716233720
2350651
157491334
59152
820021002
536350338
409870065
346802912
348662089
11988
183027339
182847324
143201021
302710245
434018631
493230340
225141139
925614741
381587493
551493976
206339683
663016222
250575921
26332
96592724
843255250
3924
209487198
499962668
277343827
284088698
286612600
303445743
45095782
3016961
19157985
186617923
95523274
587940832
109019350
522704382
430006122
859522471
730092126
893955470
859929161
315252471
694800276
111048412
869357571
315252471
656237575
24286
902618966
23368
716070770
890304267
165021850
944659564
449096011
525763009
859336872
87047843
642247503
582807472
716122967
218318108
80082082
786623421
349111545
104743599
420958575
770881597
616449625
551493976
852533835
87460107
209487198
905851945
99952618
853791715
689346081
551493976
104743599
259106346
926464535
68027518
464724426
535906835
18140122
506266015
59629893
42504633
851051871
962144616
618695762
429077351
149072377
369782108
315252471
985195951
283644527
35455542
938276897
356755981
899850601
940184675
780598114
945757413
675000076
325021428
809981707
638494930
698957362
192864613
153736936
536243619
864676391
494721627
130242899
20122541
496559200
648250137
366996227
18408676
234126556
487733367
210278591
792915165
469662994
84379605
594172393
336735701
532693045
487048982
725295284
763633087
355549347
636564909
552802265
256930260
139302577
473703682
252796591
189461872
10086293
12856635
90225976
416658598
430596029
30917166
794150658
810956574
839774918
954883008
315252471
3755
212091486
847246024
386777287
688618855
22234224
120954795
69769273
482810258
985608787
648835315
984902360
17169632
459409547
190042931
327488645
316112170
184742512
209619178
929879390
276217634
916802145
385772048
440525998
16023501
986167986
888905539
995811225
446421011
191858453
70831595
503843972
520504570
896110051
967598074
296805195
761088339
874978443
66427020
94912186
587578716
53053459
54562
147429448
20714121
683066670
22184
551515409
63888987
908737873
151624342
518147097
391162076
235104415
540120294
625141399
315304291
33507913
551515409
370727331
125147083
141958837
141135039
644428409
497193765
106793353
910394255
9177635
651134130
331660652
702096409
271138455
450497438
318152583
436907890
235673735
894707234
756676870
946804699
941251177
816408306
624478356
71386946
284938896
485019076
14831046
380490675
48103905
152505509
368037803
516694583
616040999
610760512
52001
116467358
102998
246315768
873553314
39644313
140230756
522214694
551515409
101255570
546632024
823705693
552375649
121306348
187305289
394248167
171934038
362377771
139495474
538256833
132310350
516608561
454582665
11121744
49704
4574
745267110
398570865
479551871
238769595
272633277
800271159
495146675
241102291
958750184
792369665
383290968
483302124
574096475
833893710
471008967
751788984
883472004
621105775
457564462
718545171
499331190
234871742
208159452
893516089
184024618
794105169
906896695
71905
287641070
383290968
533998273
546518413
94472269
563878251
992289521
271208042
322322532
711211792
929157532
408124436
954674303
270186791
1260526
708974834
633117996
318166436
747500459
429019784
431063556
432222725
462772492
675370397
682900993
808420778
371441418
644047169
238823751
132835894
578555166
668461384
688341167
281009858
209589708
558060443
159870102
16448185
261044
386406126
915076857
207028819
357909189
576391426
857885398
868863839
654802934
499697760
910824887
158005981
935897172
478934536
34714639
43089
271173609
377871065
8379320
486881242
53941394
352576320
489907233
914164163
375010077
551515409
640778478
21727486
879792524
740600549
492585358
353751402
630958973
903269208
975006733
3068136
197711108
593395884
800712831
286902102
443394014
666638905
710177309
562415265
438108447
865672282
282081373
158005981
482217923
106170
704927567
449147655
243631028
992755771
373501286
785944929
289779043
453709289
249682753
347455035
169149606
439335281
228520120
398629482
515064540
903668235
116079901
916979560
80745317
174904101
427068007
8409
955240111
245321006
52001
203887744
945723442
589364797
78448839
855842228
813336158
409158166
550103779
105804704
634275549
149302794
303980843
180057726
43998971
693785620
649391473
819455456
421044263
549563852
775740151
418411662
209694010
807800536
972137789
560495606
566845397
269986874
445681802
391580614
274374806
526860096
189854624
589902826
942411936
799835914
847873932
25366
627194720
405706596
55777623
693751714
154858855
944700673
719923653
325033140
495754286
557140760
122641186
578030776
382193903
422413068
698978795
321300068
46379100
287259284
107625543
949432194
129666678
965715148
626081235
887274023
393992144
990313923
737929854
680507896
583607059
102998
863495433
804044476
857243850
855771463
907627225
69324308
83964344
304717936
43374506
336386553
169669652
74519031
83621262
729918371
898938202
331274761
140402319
931983504
705156242
191109966
662122123
987930909
883185290
561756790
996569471
558060443
742285351
99542100
491597559
597886761
591505637
970707230
665689891
622065738
475913885
29732
35736258
454677754
690201109
529055546
132630099
708123260
220627391
59083
158942411
72554916
199454324
989197388
240535205
903975566
45719
761640989
338382380
463664251
893518717
689367558
230441572
545250958
126868178
127405825
308693589
624478356
378713678
708970690
36170
258116508
596906496
4615
47460236
471699567
692186290
17710
269351677
32726047
5212
303869412
961771161
490761435
705848049
215301718
842184988
122544476
906042478
178669913
590390686
428618913
31551207
459927699
550804226
685543647
499574803
280542194
866576256
119481727
383526247
16190
362498103
644668887
13090112
597779816
315295195
636904821
762512896
161817271
828164998
431251181
587992739
291175079
86202069
304717936
315273904
488027740
746804267
645392151
522458927
166540326
759993435
442531737
791251801
730761505
407376946
41451737
105202142
802779243
808501138
150984995
621991852
32114
775971119
92356764
981847728
185223060
607280412
311573607
106388930
989881276
762605864
769942553
266731453
333700372
584506165
145348005
531645028
838413373
52324055
804792862
931983504
77975292
55340192
235329284
980293154
62473655
837575833
532734381
485249647
8831068
641808522
388590600
320278930
147001514
422917950
871071535
844642864
379318692
232098764
554239771
553620113
30888
879052403
152876905
83309318
457755462
304717936
671807145
920417892
354794843
201249058
467228911
938043351
256706320
949628866
226871948
445555423
769487599
685532229
144882291
373329204
521121640
104181940
418121568
132297721
192401159
659444303
756911995
169421365
379098680
162700316
958229970
182341269
202318595
885814913
755835478
675316431
38202499
38093853
650944025
344343743
131997690
982710476
320772006
60068879
479435155
273825
456150949
100890824
670923664
258921174
398491309
66986634
956172767
364870112
806982272
74553561
273200077
345604492
390540880
307628929
624400122
782106594
358066942
784694170
549377587
660080713
762813963
160925936
451031426
384166467
192347426
465749163
485867496
874433982
278874297
19197714
340165394
953118981
827121642
91933064
841878373
472570518
100530854
946601029
358950581
681419934
522104088
186601512
900573544
124963604
574970267
642193107
54716631
481783269
339899720
271026553
780026953
991110435
19771268
582489260
925558988
84888474
524797263
978022238
812231060
573721252
665330313
96137550
415089747
99056138
282455195
408481923
848393487
481069273
849313022
69793061
987684717
161209988
248174162
70691375
69519790
365860370
112244723
441763926
711876468
8281653
260825889
458491646
748285089
138234188
722171078
402498290
533838831
568011135
37865540
400532440
15314511
811361456
579940389
971031922
323252157
477131046
683053817
699998551
739780010
638008953
737536796
931928078
466989657
32524695
494157076
523780057
160222528
748891599
668399110
70382751
481794280
383845936
639380004
623439079
552961881
867727846
447734700
375299557
477132641
224204048
43875447
923016782
826197794
266440016
800938079
98424135
838543702
447827687
256710679
64952693
931856600
503847175
699311111
370839657
48986166
766503476
813993040
415331160
290274486
473829749
752462867
910942970
271367781
928564507
464486697
677469397
714824319
105675903
320458500
753333443
942112615
801128522
508694760
690939495
934012438
307629255
87706586
114546938
973925168
456862110
78547973
191314057
900107231
248213326
715021744
330796140
718685581
700484162
112727096
482362458
304231882
962722117
368455367
960668348
105675903
687404539
653496567
923389265
238352221
909008783
13782402
571525673
98162267
350320569
764637718
404880436
737536796
833945372
423912030
781345527
838726334
196842926
74642134
523413229
845726460
502402489
493600077
690209949
816033799
891486704
758184868
812732961
983282264
54255345
278678
782472194
33398177
21969
374079
21969
21969
836689365
151716139
323983652
780953966
52997474
461349
21969
49701848
21969
265727
482427
299091
272923165
436410436
135069262
913412075
127321429
873478379
979666236
21969
153783
720548335
955608113
237372605
43938
936084027
480168398
491533367
977510661
74023476
710814435
399794685
43938
392744271
293588019
641271798
278907555
725775175
768915
21969
174338430
21969
329535
942102152
850222002
986787377
21969
21969
21969
21969
65907
876948156
393866761
21969
65907
43938
564192758
86837880
153783
11188520
21969
392069089
43938
21969
21969
65907
21969
112568312
318572469
140620896
127020318
43938
299367539
47460367
716137086
862944720
21969
65907
286660328
109845
890720057
762560308
1921916
65907
21969
43938
144999368
117875247
196989879
924658389
21969
15161702
915364040
87876
43938
256431207
858007426
318626118
21969
557281555
21969
328884315
21969
987084641
846513592
87876
109845
699917394
604388185
21969
785016
153783
418084449
323929896
21969
490818181
496973627
636841443
286630251
784584928
655522430
21969
334716261
811054638
109845
772652137
245936989
521224919
977543033
27947
42759
357018554
21969
950154605
638475793
21969
833945372
109845
9688329
432545049
670096829
49367
694138062
783464395
439855524
882426312
231421446
976078560
43938
528448027
202632280
175752
856829989
21969
180026649
21969
87876
751706165
24222712
168217160
21969
21969
618348880
178191991
21969
124963604
957909931
624578670
938500048
343834952
21969
55362251
43938
470882619
775461134
43938
160451204
43938
21969
65907
281796966
528528308
52669803
21969
109845
541597631
641995343
124963604
632050979
257455740
21969
967290212
344687174
517748537
702833049
768537368
361928436
43938
753758002
41149064
936860312
43938
426316013
21969
21969
197721
638673455
81131517
209043
213487929
65907
420790252
21969
865244296
844364162
26177011
649774810
612515180
446065
21969
17690083
43938
533953606
63744365
21969
87876
169214227
671198022
422038401
43938
414225812
693785287
620519337
962125827
651272602
957258035
21969
21969
11740
21969
690939495
21969
203162385
677063866
43938
487731716
200960506
614020641
866041237
700484162
387090189
118507784
21969
370794034
182464093
40424
485390671
256362399
336644555
43938
990532587
823575043
17690083
197171970
394939504
152736747
193395609
21969
434816284
593703695
21969
141495204
416819464
537217753
37432360
12689
264427098
21969
48299
986677642
957258035
656500987
21969
833945372
21969
459726
252108376
142652797
78694205
21969
389760076
775982583
43938
982196018
639756379
567968134
153783
408555893
884338925
591280477
21969
928579548
266428139
95652
43938
562027345
43938
488278761
497090544
701548081
21969
477208181
504932472
21969
599488449
856920923
736648855
657861705
43938
164029403
